4096
0 0 1 2
1 0 3 4
2 0 5 6
3 0 7 8
4 0 9 10
5 0 11 12
6 0 13 14
7 0 15 16
8 0 17 18
9 0 19 20
10 0 21 22
11 0 23 24
12 0 25 26
13 0 27 28
14 0 29 30
15 0 31 32
16 0 33 34
17 0 35 36
18 0 37 38
19 0 39 40
20 0 41 42
21 0 43 44
22 0 45 46
23 0 47 48
24 0 49 50
25 0 51 52
26 0 53 54
27 0 55 56
28 0 57 58
29 0 59 60
30 0 61 62
31 0 63 64
32 0 65 66
33 0 67 68
34 0 69 70
35 0 71 72
36 0 73 74
37 0 75 76
38 0 77 78
39 0 79 80
40 0 81 82
41 0 83 84
42 0 85 86
43 0 87 88
44 0 89 90
45 0 91 92
46 0 93 94
47 0 95 96
48 0 97 98
49 0 99 100
50 0 101 102
51 0 103 104
52 0 105 106
53 0 107 108
54 0 109 110
55 0 111 112
56 0 113 114
57 0 115 116
58 0 117 118
59 0 119 120
60 0 121 122
61 0 123 124
62 0 125 126
63 0 127 128
64 0 129 130
65 0 131 132
66 0 133 134
67 0 135 136
68 0 137 138
69 0 139 140
70 0 141 142
71 0 143 144
72 0 145 146
73 0 147 148
74 0 149 150
75 0 151 152
76 0 153 154
77 0 155 156
78 0 157 158
79 0 159 160
80 0 161 162
81 0 163 164
82 0 165 166
83 0 167 168
84 0 169 170
85 0 171 172
86 0 173 174
87 0 175 176
88 0 177 178
89 0 179 180
90 0 181 182
91 0 183 184
92 0 185 186
93 0 187 188
94 0 189 190
95 0 191 192
96 0 193 194
97 0 195 196
98 0 197 198
99 0 199 200
100 0 201 202
101 0 203 204
102 0 205 206
103 0 207 208
104 0 209 210
105 0 211 212
106 0 213 214
107 0 215 216
108 0 217 218
109 0 219 220
110 0 221 222
111 0 223 224
112 0 225 226
113 0 227 228
114 0 229 230
115 0 231 232
116 0 233 234
117 0 235 236
118 0 237 238
119 0 239 240
120 0 241 242
121 0 243 244
122 0 245 246
123 0 247 248
124 0 249 250
125 0 251 252
126 0 253 254
127 0 255 256
128 0 257 258
129 0 259 260
130 0 261 262
131 0 263 264
132 0 265 266
133 0 267 268
134 0 269 270
135 0 271 272
136 0 273 274
137 0 275 276
138 0 277 278
139 0 279 280
140 0 281 282
141 0 283 284
142 0 285 286
143 0 287 288
144 0 289 290
145 0 291 292
146 0 293 294
147 0 295 296
148 0 297 298
149 0 299 300
150 0 301 302
151 0 303 304
152 0 305 306
153 0 307 308
154 0 309 310
155 0 311 312
156 0 313 314
157 0 315 316
158 0 317 318
159 0 319 320
160 0 321 322
161 0 323 324
162 0 325 326
163 0 327 328
164 0 329 330
165 0 331 332
166 0 333 334
167 0 335 336
168 0 337 338
169 0 339 340
170 0 341 342
171 0 343 344
172 0 345 346
173 0 347 348
174 0 349 350
175 0 351 352
176 0 353 354
177 0 355 356
178 0 357 358
179 0 359 360
180 0 361 362
181 0 363 364
182 0 365 366
183 0 367 368
184 0 369 370
185 0 371 372
186 0 373 374
187 0 375 376
188 0 377 378
189 0 379 380
190 0 381 382
191 0 383 384
192 0 385 386
193 0 387 388
194 0 389 390
195 0 391 392
196 0 393 394
197 0 395 396
198 0 397 398
199 0 399 400
200 0 401 402
201 0 403 404
202 0 405 406
203 0 407 408
204 0 409 410
205 0 411 412
206 0 413 414
207 0 415 416
208 0 417 418
209 0 419 420
210 0 421 422
211 0 423 424
212 0 425 426
213 0 427 428
214 0 429 430
215 0 431 432
216 0 433 434
217 0 435 436
218 0 437 438
219 0 439 440
220 0 441 442
221 0 443 444
222 0 445 446
223 0 447 448
224 0 449 450
225 0 451 452
226 0 453 454
227 0 455 456
228 0 457 458
229 0 459 460
230 0 461 462
231 0 463 464
232 0 465 466
233 0 467 468
234 0 469 470
235 0 471 472
236 0 473 474
237 0 475 476
238 0 477 478
239 0 479 480
240 0 481 482
241 0 483 484
242 0 485 486
243 0 487 488
244 0 489 490
245 0 491 492
246 0 493 494
247 0 495 496
248 0 497 498
249 0 499 500
250 0 501 502
251 0 503 504
252 0 505 506
253 0 507 508
254 0 509 510
255 0 511 512
256 0 513 514
257 0 515 516
258 0 517 518
259 0 519 520
260 0 521 522
261 0 523 524
262 0 525 526
263 0 527 528
264 0 529 530
265 0 531 532
266 0 533 534
267 0 535 536
268 0 537 538
269 0 539 540
270 0 541 542
271 0 543 544
272 0 545 546
273 0 547 548
274 0 549 550
275 0 551 552
276 0 553 554
277 0 555 556
278 0 557 558
279 0 559 560
280 0 561 562
281 0 563 564
282 0 565 566
283 0 567 568
284 0 569 570
285 0 571 572
286 0 573 574
287 0 575 576
288 0 577 578
289 0 579 580
290 0 581 582
291 0 583 584
292 0 585 586
293 0 587 588
294 0 589 590
295 0 591 592
296 0 593 594
297 0 595 596
298 0 597 598
299 0 599 600
300 0 601 602
301 0 603 604
302 0 605 606
303 0 607 608
304 0 609 610
305 0 611 612
306 0 613 614
307 0 615 616
308 0 617 618
309 0 619 620
310 0 621 622
311 0 623 624
312 0 625 626
313 0 627 628
314 0 629 630
315 0 631 632
316 0 633 634
317 0 635 636
318 0 637 638
319 0 639 640
320 0 641 642
321 0 643 644
322 0 645 646
323 0 647 648
324 0 649 650
325 0 651 652
326 0 653 654
327 0 655 656
328 0 657 658
329 0 659 660
330 0 661 662
331 0 663 664
332 0 665 666
333 0 667 668
334 0 669 670
335 0 671 672
336 0 673 674
337 0 675 676
338 0 677 678
339 0 679 680
340 0 681 682
341 0 683 684
342 0 685 686
343 0 687 688
344 0 689 690
345 0 691 692
346 0 693 694
347 0 695 696
348 0 697 698
349 0 699 700
350 0 701 702
351 0 703 704
352 0 705 706
353 0 707 708
354 0 709 710
355 0 711 712
356 0 713 714
357 0 715 716
358 0 717 718
359 0 719 720
360 0 721 722
361 0 723 724
362 0 725 726
363 0 727 728
364 0 729 730
365 0 731 732
366 0 733 734
367 0 735 736
368 0 737 738
369 0 739 740
370 0 741 742
371 0 743 744
372 0 745 746
373 0 747 748
374 0 749 750
375 0 751 752
376 0 753 754
377 0 755 756
378 0 757 758
379 0 759 760
380 0 761 762
381 0 763 764
382 0 765 766
383 0 767 768
384 0 769 770
385 0 771 772
386 0 773 774
387 0 775 776
388 0 777 778
389 0 779 780
390 0 781 782
391 0 783 784
392 0 785 786
393 0 787 788
394 0 789 790
395 0 791 792
396 0 793 794
397 0 795 796
398 0 797 798
399 0 799 800
400 0 801 802
401 0 803 804
402 0 805 806
403 0 807 808
404 0 809 810
405 0 811 812
406 0 813 814
407 0 815 816
408 0 817 818
409 0 819 820
410 0 821 822
411 0 823 824
412 0 825 826
413 0 827 828
414 0 829 830
415 0 831 832
416 0 833 834
417 0 835 836
418 0 837 838
419 0 839 840
420 0 841 842
421 0 843 844
422 0 845 846
423 0 847 848
424 0 849 850
425 0 851 852
426 0 853 854
427 0 855 856
428 0 857 858
429 0 859 860
430 0 861 862
431 0 863 864
432 0 865 866
433 0 867 868
434 0 869 870
435 0 871 872
436 0 873 874
437 0 875 876
438 0 877 878
439 0 879 880
440 0 881 882
441 0 883 884
442 0 885 886
443 0 887 888
444 0 889 890
445 0 891 892
446 0 893 894
447 0 895 896
448 0 897 898
449 0 899 900
450 0 901 902
451 0 903 904
452 0 905 906
453 0 907 908
454 0 909 910
455 0 911 912
456 0 913 914
457 0 915 916
458 0 917 918
459 0 919 920
460 0 921 922
461 0 923 924
462 0 925 926
463 0 927 928
464 0 929 930
465 0 931 932
466 0 933 934
467 0 935 936
468 0 937 938
469 0 939 940
470 0 941 942
471 0 943 944
472 0 945 946
473 0 947 948
474 0 949 950
475 0 951 952
476 0 953 954
477 0 955 956
478 0 957 958
479 0 959 960
480 0 961 962
481 0 963 964
482 0 965 966
483 0 967 968
484 0 969 970
485 0 971 972
486 0 973 974
487 0 975 976
488 0 977 978
489 0 979 980
490 0 981 982
491 0 983 984
492 0 985 986
493 0 987 988
494 0 989 990
495 0 991 992
496 0 993 994
497 0 995 996
498 0 997 998
499 0 999 1000
500 0 1001 1002
501 0 1003 1004
502 0 1005 1006
503 0 1007 1008
504 0 1009 1010
505 0 1011 1012
506 0 1013 1014
507 0 1015 1016
508 0 1017 1018
509 0 1019 1020
510 0 1021 1022
511 0 1023 1024
512 0 1025 1026
513 0 1027 1028
514 0 1029 1030
515 0 1031 1032
516 0 1033 1034
517 0 1035 1036
518 0 1037 1038
519 0 1039 1040
520 0 1041 1042
521 0 1043 1044
522 0 1045 1046
523 0 1047 1048
524 0 1049 1050
525 0 1051 1052
526 0 1053 1054
527 0 1055 1056
528 0 1057 1058
529 0 1059 1060
530 0 1061 1062
531 0 1063 1064
532 0 1065 1066
533 0 1067 1068
534 0 1069 1070
535 0 1071 1072
536 0 1073 1074
537 0 1075 1076
538 0 1077 1078
539 0 1079 1080
540 0 1081 1082
541 0 1083 1084
542 0 1085 1086
543 0 1087 1088
544 0 1089 1090
545 0 1091 1092
546 0 1093 1094
547 0 1095 1096
548 0 1097 1098
549 0 1099 1100
550 0 1101 1102
551 0 1103 1104
552 0 1105 1106
553 0 1107 1108
554 0 1109 1110
555 0 1111 1112
556 0 1113 1114
557 0 1115 1116
558 0 1117 1118
559 0 1119 1120
560 0 1121 1122
561 0 1123 1124
562 0 1125 1126
563 0 1127 1128
564 0 1129 1130
565 0 1131 1132
566 0 1133 1134
567 0 1135 1136
568 0 1137 1138
569 0 1139 1140
570 0 1141 1142
571 0 1143 1144
572 0 1145 1146
573 0 1147 1148
574 0 1149 1150
575 0 1151 1152
576 0 1153 1154
577 0 1155 1156
578 0 1157 1158
579 0 1159 1160
580 0 1161 1162
581 0 1163 1164
582 0 1165 1166
583 0 1167 1168
584 0 1169 1170
585 0 1171 1172
586 0 1173 1174
587 0 1175 1176
588 0 1177 1178
589 0 1179 1180
590 0 1181 1182
591 0 1183 1184
592 0 1185 1186
593 0 1187 1188
594 0 1189 1190
595 0 1191 1192
596 0 1193 1194
597 0 1195 1196
598 0 1197 1198
599 0 1199 1200
600 0 1201 1202
601 0 1203 1204
602 0 1205 1206
603 0 1207 1208
604 0 1209 1210
605 0 1211 1212
606 0 1213 1214
607 0 1215 1216
608 0 1217 1218
609 0 1219 1220
610 0 1221 1222
611 0 1223 1224
612 0 1225 1226
613 0 1227 1228
614 0 1229 1230
615 0 1231 1232
616 0 1233 1234
617 0 1235 1236
618 0 1237 1238
619 0 1239 1240
620 0 1241 1242
621 0 1243 1244
622 0 1245 1246
623 0 1247 1248
624 0 1249 1250
625 0 1251 1252
626 0 1253 1254
627 0 1255 1256
628 0 1257 1258
629 0 1259 1260
630 0 1261 1262
631 0 1263 1264
632 0 1265 1266
633 0 1267 1268
634 0 1269 1270
635 0 1271 1272
636 0 1273 1274
637 0 1275 1276
638 0 1277 1278
639 0 1279 1280
640 0 1281 1282
641 0 1283 1284
642 0 1285 1286
643 0 1287 1288
644 0 1289 1290
645 0 1291 1292
646 0 1293 1294
647 0 1295 1296
648 0 1297 1298
649 0 1299 1300
650 0 1301 1302
651 0 1303 1304
652 0 1305 1306
653 0 1307 1308
654 0 1309 1310
655 0 1311 1312
656 0 1313 1314
657 0 1315 1316
658 0 1317 1318
659 0 1319 1320
660 0 1321 1322
661 0 1323 1324
662 0 1325 1326
663 0 1327 1328
664 0 1329 1330
665 0 1331 1332
666 0 1333 1334
667 0 1335 1336
668 0 1337 1338
669 0 1339 1340
670 0 1341 1342
671 0 1343 1344
672 0 1345 1346
673 0 1347 1348
674 0 1349 1350
675 0 1351 1352
676 0 1353 1354
677 0 1355 1356
678 0 1357 1358
679 0 1359 1360
680 0 1361 1362
681 0 1363 1364
682 0 1365 1366
683 0 1367 1368
684 0 1369 1370
685 0 1371 1372
686 0 1373 1374
687 0 1375 1376
688 0 1377 1378
689 0 1379 1380
690 0 1381 1382
691 0 1383 1384
692 0 1385 1386
693 0 1387 1388
694 0 1389 1390
695 0 1391 1392
696 0 1393 1394
697 0 1395 1396
698 0 1397 1398
699 0 1399 1400
700 0 1401 1402
701 0 1403 1404
702 0 1405 1406
703 0 1407 1408
704 0 1409 1410
705 0 1411 1412
706 0 1413 1414
707 0 1415 1416
708 0 1417 1418
709 0 1419 1420
710 0 1421 1422
711 0 1423 1424
712 0 1425 1426
713 0 1427 1428
714 0 1429 1430
715 0 1431 1432
716 0 1433 1434
717 0 1435 1436
718 0 1437 1438
719 0 1439 1440
720 0 1441 1442
721 0 1443 1444
722 0 1445 1446
723 0 1447 1448
724 0 1449 1450
725 0 1451 1452
726 0 1453 1454
727 0 1455 1456
728 0 1457 1458
729 0 1459 1460
730 0 1461 1462
731 0 1463 1464
732 0 1465 1466
733 0 1467 1468
734 0 1469 1470
735 0 1471 1472
736 0 1473 1474
737 0 1475 1476
738 0 1477 1478
739 0 1479 1480
740 0 1481 1482
741 0 1483 1484
742 0 1485 1486
743 0 1487 1488
744 0 1489 1490
745 0 1491 1492
746 0 1493 1494
747 0 1495 1496
748 0 1497 1498
749 0 1499 1500
750 0 1501 1502
751 0 1503 1504
752 0 1505 1506
753 0 1507 1508
754 0 1509 1510
755 0 1511 1512
756 0 1513 1514
757 0 1515 1516
758 0 1517 1518
759 0 1519 1520
760 0 1521 1522
761 0 1523 1524
762 0 1525 1526
763 0 1527 1528
764 0 1529 1530
765 0 1531 1532
766 0 1533 1534
767 0 1535 1536
768 0 1537 1538
769 0 1539 1540
770 0 1541 1542
771 0 1543 1544
772 0 1545 1546
773 0 1547 1548
774 0 1549 1550
775 0 1551 1552
776 0 1553 1554
777 0 1555 1556
778 0 1557 1558
779 0 1559 1560
780 0 1561 1562
781 0 1563 1564
782 0 1565 1566
783 0 1567 1568
784 0 1569 1570
785 0 1571 1572
786 0 1573 1574
787 0 1575 1576
788 0 1577 1578
789 0 1579 1580
790 0 1581 1582
791 0 1583 1584
792 0 1585 1586
793 0 1587 1588
794 0 1589 1590
795 0 1591 1592
796 0 1593 1594
797 0 1595 1596
798 0 1597 1598
799 0 1599 1600
800 0 1601 1602
801 0 1603 1604
802 0 1605 1606
803 0 1607 1608
804 0 1609 1610
805 0 1611 1612
806 0 1613 1614
807 0 1615 1616
808 0 1617 1618
809 0 1619 1620
810 0 1621 1622
811 0 1623 1624
812 0 1625 1626
813 0 1627 1628
814 0 1629 1630
815 0 1631 1632
816 0 1633 1634
817 0 1635 1636
818 0 1637 1638
819 0 1639 1640
820 0 1641 1642
821 0 1643 1644
822 0 1645 1646
823 0 1647 1648
824 0 1649 1650
825 0 1651 1652
826 0 1653 1654
827 0 1655 1656
828 0 1657 1658
829 0 1659 1660
830 0 1661 1662
831 0 1663 1664
832 0 1665 1666
833 0 1667 1668
834 0 1669 1670
835 0 1671 1672
836 0 1673 1674
837 0 1675 1676
838 0 1677 1678
839 0 1679 1680
840 0 1681 1682
841 0 1683 1684
842 0 1685 1686
843 0 1687 1688
844 0 1689 1690
845 0 1691 1692
846 0 1693 1694
847 0 1695 1696
848 0 1697 1698
849 0 1699 1700
850 0 1701 1702
851 0 1703 1704
852 0 1705 1706
853 0 1707 1708
854 0 1709 1710
855 0 1711 1712
856 0 1713 1714
857 0 1715 1716
858 0 1717 1718
859 0 1719 1720
860 0 1721 1722
861 0 1723 1724
862 0 1725 1726
863 0 1727 1728
864 0 1729 1730
865 0 1731 1732
866 0 1733 1734
867 0 1735 1736
868 0 1737 1738
869 0 1739 1740
870 0 1741 1742
871 0 1743 1744
872 0 1745 1746
873 0 1747 1748
874 0 1749 1750
875 0 1751 1752
876 0 1753 1754
877 0 1755 1756
878 0 1757 1758
879 0 1759 1760
880 0 1761 1762
881 0 1763 1764
882 0 1765 1766
883 0 1767 1768
884 0 1769 1770
885 0 1771 1772
886 0 1773 1774
887 0 1775 1776
888 0 1777 1778
889 0 1779 1780
890 0 1781 1782
891 0 1783 1784
892 0 1785 1786
893 0 1787 1788
894 0 1789 1790
895 0 1791 1792
896 0 1793 1794
897 0 1795 1796
898 0 1797 1798
899 0 1799 1800
900 0 1801 1802
901 0 1803 1804
902 0 1805 1806
903 0 1807 1808
904 0 1809 1810
905 0 1811 1812
906 0 1813 1814
907 0 1815 1816
908 0 1817 1818
909 0 1819 1820
910 0 1821 1822
911 0 1823 1824
912 0 1825 1826
913 0 1827 1828
914 0 1829 1830
915 0 1831 1832
916 0 1833 1834
917 0 1835 1836
918 0 1837 1838
919 0 1839 1840
920 0 1841 1842
921 0 1843 1844
922 0 1845 1846
923 0 1847 1848
924 0 1849 1850
925 0 1851 1852
926 0 1853 1854
927 0 1855 1856
928 0 1857 1858
929 0 1859 1860
930 0 1861 1862
931 0 1863 1864
932 0 1865 1866
933 0 1867 1868
934 0 1869 1870
935 0 1871 1872
936 0 1873 1874
937 0 1875 1876
938 0 1877 1878
939 0 1879 1880
940 0 1881 1882
941 0 1883 1884
942 0 1885 1886
943 0 1887 1888
944 0 1889 1890
945 0 1891 1892
946 0 1893 1894
947 0 1895 1896
948 0 1897 1898
949 0 1899 1900
950 0 1901 1902
951 0 1903 1904
952 0 1905 1906
953 0 1907 1908
954 0 1909 1910
955 0 1911 1912
956 0 1913 1914
957 0 1915 1916
958 0 1917 1918
959 0 1919 1920
960 0 1921 1922
961 0 1923 1924
962 0 1925 1926
963 0 1927 1928
964 0 1929 1930
965 0 1931 1932
966 0 1933 1934
967 0 1935 1936
968 0 1937 1938
969 0 1939 1940
970 0 1941 1942
971 0 1943 1944
972 0 1945 1946
973 0 1947 1948
974 0 1949 1950
975 0 1951 1952
976 0 1953 1954
977 0 1955 1956
978 0 1957 1958
979 0 1959 1960
980 0 1961 1962
981 0 1963 1964
982 0 1965 1966
983 0 1967 1968
984 0 1969 1970
985 0 1971 1972
986 0 1973 1974
987 0 1975 1976
988 0 1977 1978
989 0 1979 1980
990 0 1981 1982
991 0 1983 1984
992 0 1985 1986
993 0 1987 1988
994 0 1989 1990
995 0 1991 1992
996 0 1993 1994
997 0 1995 1996
998 0 1997 1998
999 0 1999 2000
1000 0 2001 2002
1001 0 2003 2004
1002 0 2005 2006
1003 0 2007 2008
1004 0 2009 2010
1005 0 2011 2012
1006 0 2013 2014
1007 0 2015 2016
1008 0 2017 2018
1009 0 2019 2020
1010 0 2021 2022
1011 0 2023 2024
1012 0 2025 2026
1013 0 2027 2028
1014 0 2029 2030
1015 0 2031 2032
1016 0 2033 2034
1017 0 2035 2036
1018 0 2037 2038
1019 0 2039 2040
1020 0 2041 2042
1021 0 2043 2044
1022 0 2045 2046
1023 0 2047 2048
1024 0 2049 2050
1025 0 2051 2052
1026 0 2053 2054
1027 0 2055 2056
1028 0 2057 2058
1029 0 2059 2060
1030 0 2061 2062
1031 0 2063 2064
1032 0 2065 2066
1033 0 2067 2068
1034 0 2069 2070
1035 0 2071 2072
1036 0 2073 2074
1037 0 2075 2076
1038 0 2077 2078
1039 0 2079 2080
1040 0 2081 2082
1041 0 2083 2084
1042 0 2085 2086
1043 0 2087 2088
1044 0 2089 2090
1045 0 2091 2092
1046 0 2093 2094
1047 0 2095 2096
1048 0 2097 2098
1049 0 2099 2100
1050 0 2101 2102
1051 0 2103 2104
1052 0 2105 2106
1053 0 2107 2108
1054 0 2109 2110
1055 0 2111 2112
1056 0 2113 2114
1057 0 2115 2116
1058 0 2117 2118
1059 0 2119 2120
1060 0 2121 2122
1061 0 2123 2124
1062 0 2125 2126
1063 0 2127 2128
1064 0 2129 2130
1065 0 2131 2132
1066 0 2133 2134
1067 0 2135 2136
1068 0 2137 2138
1069 0 2139 2140
1070 0 2141 2142
1071 0 2143 2144
1072 0 2145 2146
1073 0 2147 2148
1074 0 2149 2150
1075 0 2151 2152
1076 0 2153 2154
1077 0 2155 2156
1078 0 2157 2158
1079 0 2159 2160
1080 0 2161 2162
1081 0 2163 2164
1082 0 2165 2166
1083 0 2167 2168
1084 0 2169 2170
1085 0 2171 2172
1086 0 2173 2174
1087 0 2175 2176
1088 0 2177 2178
1089 0 2179 2180
1090 0 2181 2182
1091 0 2183 2184
1092 0 2185 2186
1093 0 2187 2188
1094 0 2189 2190
1095 0 2191 2192
1096 0 2193 2194
1097 0 2195 2196
1098 0 2197 2198
1099 0 2199 2200
1100 0 2201 2202
1101 0 2203 2204
1102 0 2205 2206
1103 0 2207 2208
1104 0 2209 2210
1105 0 2211 2212
1106 0 2213 2214
1107 0 2215 2216
1108 0 2217 2218
1109 0 2219 2220
1110 0 2221 2222
1111 0 2223 2224
1112 0 2225 2226
1113 0 2227 2228
1114 0 2229 2230
1115 0 2231 2232
1116 0 2233 2234
1117 0 2235 2236
1118 0 2237 2238
1119 0 2239 2240
1120 0 2241 2242
1121 0 2243 2244
1122 0 2245 2246
1123 0 2247 2248
1124 0 2249 2250
1125 0 2251 2252
1126 0 2253 2254
1127 0 2255 2256
1128 0 2257 2258
1129 0 2259 2260
1130 0 2261 2262
1131 0 2263 2264
1132 0 2265 2266
1133 0 2267 2268
1134 0 2269 2270
1135 0 2271 2272
1136 0 2273 2274
1137 0 2275 2276
1138 0 2277 2278
1139 0 2279 2280
1140 0 2281 2282
1141 0 2283 2284
1142 0 2285 2286
1143 0 2287 2288
1144 0 2289 2290
1145 0 2291 2292
1146 0 2293 2294
1147 0 2295 2296
1148 0 2297 2298
1149 0 2299 2300
1150 0 2301 2302
1151 0 2303 2304
1152 0 2305 2306
1153 0 2307 2308
1154 0 2309 2310
1155 0 2311 2312
1156 0 2313 2314
1157 0 2315 2316
1158 0 2317 2318
1159 0 2319 2320
1160 0 2321 2322
1161 0 2323 2324
1162 0 2325 2326
1163 0 2327 2328
1164 0 2329 2330
1165 0 2331 2332
1166 0 2333 2334
1167 0 2335 2336
1168 0 2337 2338
1169 0 2339 2340
1170 0 2341 2342
1171 0 2343 2344
1172 0 2345 2346
1173 0 2347 2348
1174 0 2349 2350
1175 0 2351 2352
1176 0 2353 2354
1177 0 2355 2356
1178 0 2357 2358
1179 0 2359 2360
1180 0 2361 2362
1181 0 2363 2364
1182 0 2365 2366
1183 0 2367 2368
1184 0 2369 2370
1185 0 2371 2372
1186 0 2373 2374
1187 0 2375 2376
1188 0 2377 2378
1189 0 2379 2380
1190 0 2381 2382
1191 0 2383 2384
1192 0 2385 2386
1193 0 2387 2388
1194 0 2389 2390
1195 0 2391 2392
1196 0 2393 2394
1197 0 2395 2396
1198 0 2397 2398
1199 0 2399 2400
1200 0 2401 2402
1201 0 2403 2404
1202 0 2405 2406
1203 0 2407 2408
1204 0 2409 2410
1205 0 2411 2412
1206 0 2413 2414
1207 0 2415 2416
1208 0 2417 2418
1209 0 2419 2420
1210 0 2421 2422
1211 0 2423 2424
1212 0 2425 2426
1213 0 2427 2428
1214 0 2429 2430
1215 0 2431 2432
1216 0 2433 2434
1217 0 2435 2436
1218 0 2437 2438
1219 0 2439 2440
1220 0 2441 2442
1221 0 2443 2444
1222 0 2445 2446
1223 0 2447 2448
1224 0 2449 2450
1225 0 2451 2452
1226 0 2453 2454
1227 0 2455 2456
1228 0 2457 2458
1229 0 2459 2460
1230 0 2461 2462
1231 0 2463 2464
1232 0 2465 2466
1233 0 2467 2468
1234 0 2469 2470
1235 0 2471 2472
1236 0 2473 2474
1237 0 2475 2476
1238 0 2477 2478
1239 0 2479 2480
1240 0 2481 2482
1241 0 2483 2484
1242 0 2485 2486
1243 0 2487 2488
1244 0 2489 2490
1245 0 2491 2492
1246 0 2493 2494
1247 0 2495 2496
1248 0 2497 2498
1249 0 2499 2500
1250 0 2501 2502
1251 0 2503 2504
1252 0 2505 2506
1253 0 2507 2508
1254 0 2509 2510
1255 0 2511 2512
1256 0 2513 2514
1257 0 2515 2516
1258 0 2517 2518
1259 0 2519 2520
1260 0 2521 2522
1261 0 2523 2524
1262 0 2525 2526
1263 0 2527 2528
1264 0 2529 2530
1265 0 2531 2532
1266 0 2533 2534
1267 0 2535 2536
1268 0 2537 2538
1269 0 2539 2540
1270 0 2541 2542
1271 0 2543 2544
1272 0 2545 2546
1273 0 2547 2548
1274 0 2549 2550
1275 0 2551 2552
1276 0 2553 2554
1277 0 2555 2556
1278 0 2557 2558
1279 0 2559 2560
1280 0 2561 2562
1281 0 2563 2564
1282 0 2565 2566
1283 0 2567 2568
1284 0 2569 2570
1285 0 2571 2572
1286 0 2573 2574
1287 0 2575 2576
1288 0 2577 2578
1289 0 2579 2580
1290 0 2581 2582
1291 0 2583 2584
1292 0 2585 2586
1293 0 2587 2588
1294 0 2589 2590
1295 0 2591 2592
1296 0 2593 2594
1297 0 2595 2596
1298 0 2597 2598
1299 0 2599 2600
1300 0 2601 2602
1301 0 2603 2604
1302 0 2605 2606
1303 0 2607 2608
1304 0 2609 2610
1305 0 2611 2612
1306 0 2613 2614
1307 0 2615 2616
1308 0 2617 2618
1309 0 2619 2620
1310 0 2621 2622
1311 0 2623 2624
1312 0 2625 2626
1313 0 2627 2628
1314 0 2629 2630
1315 0 2631 2632
1316 0 2633 2634
1317 0 2635 2636
1318 0 2637 2638
1319 0 2639 2640
1320 0 2641 2642
1321 0 2643 2644
1322 0 2645 2646
1323 0 2647 2648
1324 0 2649 2650
1325 0 2651 2652
1326 0 2653 2654
1327 0 2655 2656
1328 0 2657 2658
1329 0 2659 2660
1330 0 2661 2662
1331 0 2663 2664
1332 0 2665 2666
1333 0 2667 2668
1334 0 2669 2670
1335 0 2671 2672
1336 0 2673 2674
1337 0 2675 2676
1338 0 2677 2678
1339 0 2679 2680
1340 0 2681 2682
1341 0 2683 2684
1342 0 2685 2686
1343 0 2687 2688
1344 0 2689 2690
1345 0 2691 2692
1346 0 2693 2694
1347 0 2695 2696
1348 0 2697 2698
1349 0 2699 2700
1350 0 2701 2702
1351 0 2703 2704
1352 0 2705 2706
1353 0 2707 2708
1354 0 2709 2710
1355 0 2711 2712
1356 0 2713 2714
1357 0 2715 2716
1358 0 2717 2718
1359 0 2719 2720
1360 0 2721 2722
1361 0 2723 2724
1362 0 2725 2726
1363 0 2727 2728
1364 0 2729 2730
1365 0 2731 2732
1366 0 2733 2734
1367 0 2735 2736
1368 0 2737 2738
1369 0 2739 2740
1370 0 2741 2742
1371 0 2743 2744
1372 0 2745 2746
1373 0 2747 2748
1374 0 2749 2750
1375 0 2751 2752
1376 0 2753 2754
1377 0 2755 2756
1378 0 2757 2758
1379 0 2759 2760
1380 0 2761 2762
1381 0 2763 2764
1382 0 2765 2766
1383 0 2767 2768
1384 0 2769 2770
1385 0 2771 2772
1386 0 2773 2774
1387 0 2775 2776
1388 0 2777 2778
1389 0 2779 2780
1390 0 2781 2782
1391 0 2783 2784
1392 0 2785 2786
1393 0 2787 2788
1394 0 2789 2790
1395 0 2791 2792
1396 0 2793 2794
1397 0 2795 2796
1398 0 2797 2798
1399 0 2799 2800
1400 0 2801 2802
1401 0 2803 2804
1402 0 2805 2806
1403 0 2807 2808
1404 0 2809 2810
1405 0 2811 2812
1406 0 2813 2814
1407 0 2815 2816
1408 0 2817 2818
1409 0 2819 2820
1410 0 2821 2822
1411 0 2823 2824
1412 0 2825 2826
1413 0 2827 2828
1414 0 2829 2830
1415 0 2831 2832
1416 0 2833 2834
1417 0 2835 2836
1418 0 2837 2838
1419 0 2839 2840
1420 0 2841 2842
1421 0 2843 2844
1422 0 2845 2846
1423 0 2847 2848
1424 0 2849 2850
1425 0 2851 2852
1426 0 2853 2854
1427 0 2855 2856
1428 0 2857 2858
1429 0 2859 2860
1430 0 2861 2862
1431 0 2863 2864
1432 0 2865 2866
1433 0 2867 2868
1434 0 2869 2870
1435 0 2871 2872
1436 0 2873 2874
1437 0 2875 2876
1438 0 2877 2878
1439 0 2879 2880
1440 0 2881 2882
1441 0 2883 2884
1442 0 2885 2886
1443 0 2887 2888
1444 0 2889 2890
1445 0 2891 2892
1446 0 2893 2894
1447 0 2895 2896
1448 0 2897 2898
1449 0 2899 2900
1450 0 2901 2902
1451 0 2903 2904
1452 0 2905 2906
1453 0 2907 2908
1454 0 2909 2910
1455 0 2911 2912
1456 0 2913 2914
1457 0 2915 2916
1458 0 2917 2918
1459 0 2919 2920
1460 0 2921 2922
1461 0 2923 2924
1462 0 2925 2926
1463 0 2927 2928
1464 0 2929 2930
1465 0 2931 2932
1466 0 2933 2934
1467 0 2935 2936
1468 0 2937 2938
1469 0 2939 2940
1470 0 2941 2942
1471 0 2943 2944
1472 0 2945 2946
1473 0 2947 2948
1474 0 2949 2950
1475 0 2951 2952
1476 0 2953 2954
1477 0 2955 2956
1478 0 2957 2958
1479 0 2959 2960
1480 0 2961 2962
1481 0 2963 2964
1482 0 2965 2966
1483 0 2967 2968
1484 0 2969 2970
1485 0 2971 2972
1486 0 2973 2974
1487 0 2975 2976
1488 0 2977 2978
1489 0 2979 2980
1490 0 2981 2982
1491 0 2983 2984
1492 0 2985 2986
1493 0 2987 2988
1494 0 2989 2990
1495 0 2991 2992
1496 0 2993 2994
1497 0 2995 2996
1498 0 2997 2998
1499 0 2999 3000
1500 0 3001 3002
1501 0 3003 3004
1502 0 3005 3006
1503 0 3007 3008
1504 0 3009 3010
1505 0 3011 3012
1506 0 3013 3014
1507 0 3015 3016
1508 0 3017 3018
1509 0 3019 3020
1510 0 3021 3022
1511 0 3023 3024
1512 0 3025 3026
1513 0 3027 3028
1514 0 3029 3030
1515 0 3031 3032
1516 0 3033 3034
1517 0 3035 3036
1518 0 3037 3038
1519 0 3039 3040
1520 0 3041 3042
1521 0 3043 3044
1522 0 3045 3046
1523 0 3047 3048
1524 0 3049 3050
1525 0 3051 3052
1526 0 3053 3054
1527 0 3055 3056
1528 0 3057 3058
1529 0 3059 3060
1530 0 3061 3062
1531 0 3063 3064
1532 0 3065 3066
1533 0 3067 3068
1534 0 3069 3070
1535 0 3071 3072
1536 0 3073 3074
1537 0 3075 3076
1538 0 3077 3078
1539 0 3079 3080
1540 0 3081 3082
1541 0 3083 3084
1542 0 3085 3086
1543 0 3087 3088
1544 0 3089 3090
1545 0 3091 3092
1546 0 3093 3094
1547 0 3095 3096
1548 0 3097 3098
1549 0 3099 3100
1550 0 3101 3102
1551 0 3103 3104
1552 0 3105 3106
1553 0 3107 3108
1554 0 3109 3110
1555 0 3111 3112
1556 0 3113 3114
1557 0 3115 3116
1558 0 3117 3118
1559 0 3119 3120
1560 0 3121 3122
1561 0 3123 3124
1562 0 3125 3126
1563 0 3127 3128
1564 0 3129 3130
1565 0 3131 3132
1566 0 3133 3134
1567 0 3135 3136
1568 0 3137 3138
1569 0 3139 3140
1570 0 3141 3142
1571 0 3143 3144
1572 0 3145 3146
1573 0 3147 3148
1574 0 3149 3150
1575 0 3151 3152
1576 0 3153 3154
1577 0 3155 3156
1578 0 3157 3158
1579 0 3159 3160
1580 0 3161 3162
1581 0 3163 3164
1582 0 3165 3166
1583 0 3167 3168
1584 0 3169 3170
1585 0 3171 3172
1586 0 3173 3174
1587 0 3175 3176
1588 0 3177 3178
1589 0 3179 3180
1590 0 3181 3182
1591 0 3183 3184
1592 0 3185 3186
1593 0 3187 3188
1594 0 3189 3190
1595 0 3191 3192
1596 0 3193 3194
1597 0 3195 3196
1598 0 3197 3198
1599 0 3199 3200
1600 0 3201 3202
1601 0 3203 3204
1602 0 3205 3206
1603 0 3207 3208
1604 0 3209 3210
1605 0 3211 3212
1606 0 3213 3214
1607 0 3215 3216
1608 0 3217 3218
1609 0 3219 3220
1610 0 3221 3222
1611 0 3223 3224
1612 0 3225 3226
1613 0 3227 3228
1614 0 3229 3230
1615 0 3231 3232
1616 0 3233 3234
1617 0 3235 3236
1618 0 3237 3238
1619 0 3239 3240
1620 0 3241 3242
1621 0 3243 3244
1622 0 3245 3246
1623 0 3247 3248
1624 0 3249 3250
1625 0 3251 3252
1626 0 3253 3254
1627 0 3255 3256
1628 0 3257 3258
1629 0 3259 3260
1630 0 3261 3262
1631 0 3263 3264
1632 0 3265 3266
1633 0 3267 3268
1634 0 3269 3270
1635 0 3271 3272
1636 0 3273 3274
1637 0 3275 3276
1638 0 3277 3278
1639 0 3279 3280
1640 0 3281 3282
1641 0 3283 3284
1642 0 3285 3286
1643 0 3287 3288
1644 0 3289 3290
1645 0 3291 3292
1646 0 3293 3294
1647 0 3295 3296
1648 0 3297 3298
1649 0 3299 3300
1650 0 3301 3302
1651 0 3303 3304
1652 0 3305 3306
1653 0 3307 3308
1654 0 3309 3310
1655 0 3311 3312
1656 0 3313 3314
1657 0 3315 3316
1658 0 3317 3318
1659 0 3319 3320
1660 0 3321 3322
1661 0 3323 3324
1662 0 3325 3326
1663 0 3327 3328
1664 0 3329 3330
1665 0 3331 3332
1666 0 3333 3334
1667 0 3335 3336
1668 0 3337 3338
1669 0 3339 3340
1670 0 3341 3342
1671 0 3343 3344
1672 0 3345 3346
1673 0 3347 3348
1674 0 3349 3350
1675 0 3351 3352
1676 0 3353 3354
1677 0 3355 3356
1678 0 3357 3358
1679 0 3359 3360
1680 0 3361 3362
1681 0 3363 3364
1682 0 3365 3366
1683 0 3367 3368
1684 0 3369 3370
1685 0 3371 3372
1686 0 3373 3374
1687 0 3375 3376
1688 0 3377 3378
1689 0 3379 3380
1690 0 3381 3382
1691 0 3383 3384
1692 0 3385 3386
1693 0 3387 3388
1694 0 3389 3390
1695 0 3391 3392
1696 0 3393 3394
1697 0 3395 3396
1698 0 3397 3398
1699 0 3399 3400
1700 0 3401 3402
1701 0 3403 3404
1702 0 3405 3406
1703 0 3407 3408
1704 0 3409 3410
1705 0 3411 3412
1706 0 3413 3414
1707 0 3415 3416
1708 0 3417 3418
1709 0 3419 3420
1710 0 3421 3422
1711 0 3423 3424
1712 0 3425 3426
1713 0 3427 3428
1714 0 3429 3430
1715 0 3431 3432
1716 0 3433 3434
1717 0 3435 3436
1718 0 3437 3438
1719 0 3439 3440
1720 0 3441 3442
1721 0 3443 3444
1722 0 3445 3446
1723 0 3447 3448
1724 0 3449 3450
1725 0 3451 3452
1726 0 3453 3454
1727 0 3455 3456
1728 0 3457 3458
1729 0 3459 3460
1730 0 3461 3462
1731 0 3463 3464
1732 0 3465 3466
1733 0 3467 3468
1734 0 3469 3470
1735 0 3471 3472
1736 0 3473 3474
1737 0 3475 3476
1738 0 3477 3478
1739 0 3479 3480
1740 0 3481 3482
1741 0 3483 3484
1742 0 3485 3486
1743 0 3487 3488
1744 0 3489 3490
1745 0 3491 3492
1746 0 3493 3494
1747 0 3495 3496
1748 0 3497 3498
1749 0 3499 3500
1750 0 3501 3502
1751 0 3503 3504
1752 0 3505 3506
1753 0 3507 3508
1754 0 3509 3510
1755 0 3511 3512
1756 0 3513 3514
1757 0 3515 3516
1758 0 3517 3518
1759 0 3519 3520
1760 0 3521 3522
1761 0 3523 3524
1762 0 3525 3526
1763 0 3527 3528
1764 0 3529 3530
1765 0 3531 3532
1766 0 3533 3534
1767 0 3535 3536
1768 0 3537 3538
1769 0 3539 3540
1770 0 3541 3542
1771 0 3543 3544
1772 0 3545 3546
1773 0 3547 3548
1774 0 3549 3550
1775 0 3551 3552
1776 0 3553 3554
1777 0 3555 3556
1778 0 3557 3558
1779 0 3559 3560
1780 0 3561 3562
1781 0 3563 3564
1782 0 3565 3566
1783 0 3567 3568
1784 0 3569 3570
1785 0 3571 3572
1786 0 3573 3574
1787 0 3575 3576
1788 0 3577 3578
1789 0 3579 3580
1790 0 3581 3582
1791 0 3583 3584
1792 0 3585 3586
1793 0 3587 3588
1794 0 3589 3590
1795 0 3591 3592
1796 0 3593 3594
1797 0 3595 3596
1798 0 3597 3598
1799 0 3599 3600
1800 0 3601 3602
1801 0 3603 3604
1802 0 3605 3606
1803 0 3607 3608
1804 0 3609 3610
1805 0 3611 3612
1806 0 3613 3614
1807 0 3615 3616
1808 0 3617 3618
1809 0 3619 3620
1810 0 3621 3622
1811 0 3623 3624
1812 0 3625 3626
1813 0 3627 3628
1814 0 3629 3630
1815 0 3631 3632
1816 0 3633 3634
1817 0 3635 3636
1818 0 3637 3638
1819 0 3639 3640
1820 0 3641 3642
1821 0 3643 3644
1822 0 3645 3646
1823 0 3647 3648
1824 0 3649 3650
1825 0 3651 3652
1826 0 3653 3654
1827 0 3655 3656
1828 0 3657 3658
1829 0 3659 3660
1830 0 3661 3662
1831 0 3663 3664
1832 0 3665 3666
1833 0 3667 3668
1834 0 3669 3670
1835 0 3671 3672
1836 0 3673 3674
1837 0 3675 3676
1838 0 3677 3678
1839 0 3679 3680
1840 0 3681 3682
1841 0 3683 3684
1842 0 3685 3686
1843 0 3687 3688
1844 0 3689 3690
1845 0 3691 3692
1846 0 3693 3694
1847 0 3695 3696
1848 0 3697 3698
1849 0 3699 3700
1850 0 3701 3702
1851 0 3703 3704
1852 0 3705 3706
1853 0 3707 3708
1854 0 3709 3710
1855 0 3711 3712
1856 0 3713 3714
1857 0 3715 3716
1858 0 3717 3718
1859 0 3719 3720
1860 0 3721 3722
1861 0 3723 3724
1862 0 3725 3726
1863 0 3727 3728
1864 0 3729 3730
1865 0 3731 3732
1866 0 3733 3734
1867 0 3735 3736
1868 0 3737 3738
1869 0 3739 3740
1870 0 3741 3742
1871 0 3743 3744
1872 0 3745 3746
1873 0 3747 3748
1874 0 3749 3750
1875 0 3751 3752
1876 0 3753 3754
1877 0 3755 3756
1878 0 3757 3758
1879 0 3759 3760
1880 0 3761 3762
1881 0 3763 3764
1882 0 3765 3766
1883 0 3767 3768
1884 0 3769 3770
1885 0 3771 3772
1886 0 3773 3774
1887 0 3775 3776
1888 0 3777 3778
1889 0 3779 3780
1890 0 3781 3782
1891 0 3783 3784
1892 0 3785 3786
1893 0 3787 3788
1894 0 3789 3790
1895 0 3791 3792
1896 0 3793 3794
1897 0 3795 3796
1898 0 3797 3798
1899 0 3799 3800
1900 0 3801 3802
1901 0 3803 3804
1902 0 3805 3806
1903 0 3807 3808
1904 0 3809 3810
1905 0 3811 3812
1906 0 3813 3814
1907 0 3815 3816
1908 0 3817 3818
1909 0 3819 3820
1910 0 3821 3822
1911 0 3823 3824
1912 0 3825 3826
1913 0 3827 3828
1914 0 3829 3830
1915 0 3831 3832
1916 0 3833 3834
1917 0 3835 3836
1918 0 3837 3838
1919 0 3839 3840
1920 0 3841 3842
1921 0 3843 3844
1922 0 3845 3846
1923 0 3847 3848
1924 0 3849 3850
1925 0 3851 3852
1926 0 3853 3854
1927 0 3855 3856
1928 0 3857 3858
1929 0 3859 3860
1930 0 3861 3862
1931 0 3863 3864
1932 0 3865 3866
1933 0 3867 3868
1934 0 3869 3870
1935 0 3871 3872
1936 0 3873 3874
1937 0 3875 3876
1938 0 3877 3878
1939 0 3879 3880
1940 0 3881 3882
1941 0 3883 3884
1942 0 3885 3886
1943 0 3887 3888
1944 0 3889 3890
1945 0 3891 3892
1946 0 3893 3894
1947 0 3895 3896
1948 0 3897 3898
1949 0 3899 3900
1950 0 3901 3902
1951 0 3903 3904
1952 0 3905 3906
1953 0 3907 3908
1954 0 3909 3910
1955 0 3911 3912
1956 0 3913 3914
1957 0 3915 3916
1958 0 3917 3918
1959 0 3919 3920
1960 0 3921 3922
1961 0 3923 3924
1962 0 3925 3926
1963 0 3927 3928
1964 0 3929 3930
1965 0 3931 3932
1966 0 3933 3934
1967 0 3935 3936
1968 0 3937 3938
1969 0 3939 3940
1970 0 3941 3942
1971 0 3943 3944
1972 0 3945 3946
1973 0 3947 3948
1974 0 3949 3950
1975 0 3951 3952
1976 0 3953 3954
1977 0 3955 3956
1978 0 3957 3958
1979 0 3959 3960
1980 0 3961 3962
1981 0 3963 3964
1982 0 3965 3966
1983 0 3967 3968
1984 0 3969 3970
1985 0 3971 3972
1986 0 3973 3974
1987 0 3975 3976
1988 0 3977 3978
1989 0 3979 3980
1990 0 3981 3982
1991 0 3983 3984
1992 0 3985 3986
1993 0 3987 3988
1994 0 3989 3990
1995 0 3991 3992
1996 0 3993 3994
1997 0 3995 3996
1998 0 3997 3998
1999 0 3999 4000
2000 0 4001 4002
2001 0 4003 4004
2002 0 4005 4006
2003 0 4007 4008
2004 0 4009 4010
2005 0 4011 4012
2006 0 4013 4014
2007 0 4015 4016
2008 0 4017 4018
2009 0 4019 4020
2010 0 4021 4022
2011 0 4023 4024
2012 0 4025 4026
2013 0 4027 4028
2014 0 4029 4030
2015 0 4031 4032
2016 0 4033 4034
2017 0 4035 4036
2018 0 4037 4038
2019 0 4039 4040
2020 0 4041 4042
2021 0 4043 4044
2022 0 4045 4046
2023 0 4047 4048
2024 0 4049 4050
2025 0 4051 4052
2026 0 4053 4054
2027 0 4055 4056
2028 0 4057 4058
2029 0 4059 4060
2030 0 4061 4062
2031 0 4063 4064
2032 0 4065 4066
2033 0 4067 4068
2034 0 4069 4070
2035 0 4071 4072
2036 0 4073 4074
2037 0 4075 4076
2038 0 4077 4078
2039 0 4079 4080
2040 0 4081 4082
2041 0 4083 4084
2042 0 4085 4086
2043 0 4087 4088
2044 0 4089 4090
2045 0 4091 4092
2046 0 4093 4094
2047 1 2047 2048
2048 1 2049 2050
2049 1 2051 2052
2050 1 2053 2054
2051 1 2055 2056
2052 1 2057 2058
2053 1 2059 2060
2054 1 2061 2062
2055 1 2063 2064
2056 1 2065 2066
2057 1 2067 2068
2058 1 2069 2070
2059 1 2071 2072
2060 1 2073 2074
2061 1 2075 2076
2062 1 2077 2078
2063 1 2079 2080
2064 1 2081 2082
2065 1 2083 2084
2066 1 2085 2086
2067 1 2087 2088
2068 1 2089 2090
2069 1 2091 2092
2070 1 2093 2094
2071 1 2095 2096
2072 1 2097 2098
2073 1 2099 2100
2074 1 2101 2102
2075 1 2103 2104
2076 1 2105 2106
2077 1 2107 2108
2078 1 2109 2110
2079 1 2111 2112
2080 1 2113 2114
2081 1 2115 2116
2082 1 2117 2118
2083 1 2119 2120
2084 1 2121 2122
2085 1 2123 2124
2086 1 2125 2126
2087 1 2127 2128
2088 1 2129 2130
2089 1 2131 2132
2090 1 2133 2134
2091 1 2135 2136
2092 1 2137 2138
2093 1 2139 2140
2094 1 2141 2142
2095 1 2143 2144
2096 1 2145 2146
2097 1 2147 2148
2098 1 2149 2150
2099 1 2151 2152
2100 1 2153 2154
2101 1 2155 2156
2102 1 2157 2158
2103 1 2159 2160
2104 1 2161 2162
2105 1 2163 2164
2106 1 2165 2166
2107 1 2167 2168
2108 1 2169 2170
2109 1 2171 2172
2110 1 2173 2174
2111 1 2175 2176
2112 1 2177 2178
2113 1 2179 2180
2114 1 2181 2182
2115 1 2183 2184
2116 1 2185 2186
2117 1 2187 2188
2118 1 2189 2190
2119 1 2191 2192
2120 1 2193 2194
2121 1 2195 2196
2122 1 2197 2198
2123 1 2199 2200
2124 1 2201 2202
2125 1 2203 2204
2126 1 2205 2206
2127 1 2207 2208
2128 1 2209 2210
2129 1 2211 2212
2130 1 2213 2214
2131 1 2215 2216
2132 1 2217 2218
2133 1 2219 2220
2134 1 2221 2222
2135 1 2223 2224
2136 1 2225 2226
2137 1 2227 2228
2138 1 2229 2230
2139 1 2231 2232
2140 1 2233 2234
2141 1 2235 2236
2142 1 2237 2238
2143 1 2239 2240
2144 1 2241 2242
2145 1 2243 2244
2146 1 2245 2246
2147 1 2247 2248
2148 1 2249 2250
2149 1 2251 2252
2150 1 2253 2254
2151 1 2255 2256
2152 1 2257 2258
2153 1 2259 2260
2154 1 2261 2262
2155 1 2263 2264
2156 1 2265 2266
2157 1 2267 2268
2158 1 2269 2270
2159 1 2271 2272
2160 1 2273 2274
2161 1 2275 2276
2162 1 2277 2278
2163 1 2279 2280
2164 1 2281 2282
2165 1 2283 2284
2166 1 2285 2286
2167 1 2287 2288
2168 1 2289 2290
2169 1 2291 2292
2170 1 2293 2294
2171 1 2295 2296
2172 1 2297 2298
2173 1 2299 2300
2174 1 2301 2302
2175 1 2303 2304
2176 1 2305 2306
2177 1 2307 2308
2178 1 2309 2310
2179 1 2311 2312
2180 1 2313 2314
2181 1 2315 2316
2182 1 2317 2318
2183 1 2319 2320
2184 1 2321 2322
2185 1 2323 2324
2186 1 2325 2326
2187 1 2327 2328
2188 1 2329 2330
2189 1 2331 2332
2190 1 2333 2334
2191 1 2335 2336
2192 1 2337 2338
2193 1 2339 2340
2194 1 2341 2342
2195 1 2343 2344
2196 1 2345 2346
2197 1 2347 2348
2198 1 2349 2350
2199 1 2351 2352
2200 1 2353 2354
2201 1 2355 2356
2202 1 2357 2358
2203 1 2359 2360
2204 1 2361 2362
2205 1 2363 2364
2206 1 2365 2366
2207 1 2367 2368
2208 1 2369 2370
2209 1 2371 2372
2210 1 2373 2374
2211 1 2375 2376
2212 1 2377 2378
2213 1 2379 2380
2214 1 2381 2382
2215 1 2383 2384
2216 1 2385 2386
2217 1 2387 2388
2218 1 2389 2390
2219 1 2391 2392
2220 1 2393 2394
2221 1 2395 2396
2222 1 2397 2398
2223 1 2399 2400
2224 1 2401 2402
2225 1 2403 2404
2226 1 2405 2406
2227 1 2407 2408
2228 1 2409 2410
2229 1 2411 2412
2230 1 2413 2414
2231 1 2415 2416
2232 1 2417 2418
2233 1 2419 2420
2234 1 2421 2422
2235 1 2423 2424
2236 1 2425 2426
2237 1 2427 2428
2238 1 2429 2430
2239 1 2431 2432
2240 1 2433 2434
2241 1 2435 2436
2242 1 2437 2438
2243 1 2439 2440
2244 1 2441 2442
2245 1 2443 2444
2246 1 2445 2446
2247 1 2447 2448
2248 1 2449 2450
2249 1 2451 2452
2250 1 2453 2454
2251 1 2455 2456
2252 1 2457 2458
2253 1 2459 2460
2254 1 2461 2462
2255 1 2463 2464
2256 1 2465 2466
2257 1 2467 2468
2258 1 2469 2470
2259 1 2471 2472
2260 1 2473 2474
2261 1 2475 2476
2262 1 2477 2478
2263 1 2479 2480
2264 1 2481 2482
2265 1 2483 2484
2266 1 2485 2486
2267 1 2487 2488
2268 1 2489 2490
2269 1 2491 2492
2270 1 2493 2494
2271 1 2495 2496
2272 1 2497 2498
2273 1 2499 2500
2274 1 2501 2502
2275 1 2503 2504
2276 1 2505 2506
2277 1 2507 2508
2278 1 2509 2510
2279 1 2511 2512
2280 1 2513 2514
2281 1 2515 2516
2282 1 2517 2518
2283 1 2519 2520
2284 1 2521 2522
2285 1 2523 2524
2286 1 2525 2526
2287 1 2527 2528
2288 1 2529 2530
2289 1 2531 2532
2290 1 2533 2534
2291 1 2535 2536
2292 1 2537 2538
2293 1 2539 2540
2294 1 2541 2542
2295 1 2543 2544
2296 1 2545 2546
2297 1 2547 2548
2298 1 2549 2550
2299 1 2551 2552
2300 1 2553 2554
2301 1 2555 2556
2302 1 2557 2558
2303 1 2559 2560
2304 1 2561 2562
2305 1 2563 2564
2306 1 2565 2566
2307 1 2567 2568
2308 1 2569 2570
2309 1 2571 2572
2310 1 2573 2574
2311 1 2575 2576
2312 1 2577 2578
2313 1 2579 2580
2314 1 2581 2582
2315 1 2583 2584
2316 1 2585 2586
2317 1 2587 2588
2318 1 2589 2590
2319 1 2591 2592
2320 1 2593 2594
2321 1 2595 2596
2322 1 2597 2598
2323 1 2599 2600
2324 1 2601 2602
2325 1 2603 2604
2326 1 2605 2606
2327 1 2607 2608
2328 1 2609 2610
2329 1 2611 2612
2330 1 2613 2614
2331 1 2615 2616
2332 1 2617 2618
2333 1 2619 2620
2334 1 2621 2622
2335 1 2623 2624
2336 1 2625 2626
2337 1 2627 2628
2338 1 2629 2630
2339 1 2631 2632
2340 1 2633 2634
2341 1 2635 2636
2342 1 2637 2638
2343 1 2639 2640
2344 1 2641 2642
2345 1 2643 2644
2346 1 2645 2646
2347 1 2647 2648
2348 1 2649 2650
2349 1 2651 2652
2350 1 2653 2654
2351 1 2655 2656
2352 1 2657 2658
2353 1 2659 2660
2354 1 2661 2662
2355 1 2663 2664
2356 1 2665 2666
2357 1 2667 2668
2358 1 2669 2670
2359 1 2671 2672
2360 1 2673 2674
2361 1 2675 2676
2362 1 2677 2678
2363 1 2679 2680
2364 1 2681 2682
2365 1 2683 2684
2366 1 2685 2686
2367 1 2687 2688
2368 1 2689 2690
2369 1 2691 2692
2370 1 2693 2694
2371 1 2695 2696
2372 1 2697 2698
2373 1 2699 2700
2374 1 2701 2702
2375 1 2703 2704
2376 1 2705 2706
2377 1 2707 2708
2378 1 2709 2710
2379 1 2711 2712
2380 1 2713 2714
2381 1 2715 2716
2382 1 2717 2718
2383 1 2719 2720
2384 1 2721 2722
2385 1 2723 2724
2386 1 2725 2726
2387 1 2727 2728
2388 1 2729 2730
2389 1 2731 2732
2390 1 2733 2734
2391 1 2735 2736
2392 1 2737 2738
2393 1 2739 2740
2394 1 2741 2742
2395 1 2743 2744
2396 1 2745 2746
2397 1 2747 2748
2398 1 2749 2750
2399 1 2751 2752
2400 1 2753 2754
2401 1 2755 2756
2402 1 2757 2758
2403 1 2759 2760
2404 1 2761 2762
2405 1 2763 2764
2406 1 2765 2766
2407 1 2767 2768
2408 1 2769 2770
2409 1 2771 2772
2410 1 2773 2774
2411 1 2775 2776
2412 1 2777 2778
2413 1 2779 2780
2414 1 2781 2782
2415 1 2783 2784
2416 1 2785 2786
2417 1 2787 2788
2418 1 2789 2790
2419 1 2791 2792
2420 1 2793 2794
2421 1 2795 2796
2422 1 2797 2798
2423 1 2799 2800
2424 1 2801 2802
2425 1 2803 2804
2426 1 2805 2806
2427 1 2807 2808
2428 1 2809 2810
2429 1 2811 2812
2430 1 2813 2814
2431 1 2815 2816
2432 1 2817 2818
2433 1 2819 2820
2434 1 2821 2822
2435 1 2823 2824
2436 1 2825 2826
2437 1 2827 2828
2438 1 2829 2830
2439 1 2831 2832
2440 1 2833 2834
2441 1 2835 2836
2442 1 2837 2838
2443 1 2839 2840
2444 1 2841 2842
2445 1 2843 2844
2446 1 2845 2846
2447 1 2847 2848
2448 1 2849 2850
2449 1 2851 2852
2450 1 2853 2854
2451 1 2855 2856
2452 1 2857 2858
2453 1 2859 2860
2454 1 2861 2862
2455 1 2863 2864
2456 1 2865 2866
2457 1 2867 2868
2458 1 2869 2870
2459 1 2871 2872
2460 1 2873 2874
2461 1 2875 2876
2462 1 2877 2878
2463 1 2879 2880
2464 1 2881 2882
2465 1 2883 2884
2466 1 2885 2886
2467 1 2887 2888
2468 1 2889 2890
2469 1 2891 2892
2470 1 2893 2894
2471 1 2895 2896
2472 1 2897 2898
2473 1 2899 2900
2474 1 2901 2902
2475 1 2903 2904
2476 1 2905 2906
2477 1 2907 2908
2478 1 2909 2910
2479 1 2911 2912
2480 1 2913 2914
2481 1 2915 2916
2482 1 2917 2918
2483 1 2919 2920
2484 1 2921 2922
2485 1 2923 2924
2486 1 2925 2926
2487 1 2927 2928
2488 1 2929 2930
2489 1 2931 2932
2490 1 2933 2934
2491 1 2935 2936
2492 1 2937 2938
2493 1 2939 2940
2494 1 2941 2942
2495 1 2943 2944
2496 1 2945 2946
2497 1 2947 2948
2498 1 2949 2950
2499 1 2951 2952
2500 1 2953 2954
2501 1 2955 2956
2502 1 2957 2958
2503 1 2959 2960
2504 1 2961 2962
2505 1 2963 2964
2506 1 2965 2966
2507 1 2967 2968
2508 1 2969 2970
2509 1 2971 2972
2510 1 2973 2974
2511 1 2975 2976
2512 1 2977 2978
2513 1 2979 2980
2514 1 2981 2982
2515 1 2983 2984
2516 1 2985 2986
2517 1 2987 2988
2518 1 2989 2990
2519 1 2991 2992
2520 1 2993 2994
2521 1 2995 2996
2522 1 2997 2998
2523 1 2999 3000
2524 1 3001 3002
2525 1 3003 3004
2526 1 3005 3006
2527 1 3007 3008
2528 1 3009 3010
2529 1 3011 3012
2530 1 3013 3014
2531 1 3015 3016
2532 1 3017 3018
2533 1 3019 3020
2534 1 3021 3022
2535 1 3023 3024
2536 1 3025 3026
2537 1 3027 3028
2538 1 3029 3030
2539 1 3031 3032
2540 1 3033 3034
2541 1 3035 3036
2542 1 3037 3038
2543 1 3039 3040
2544 1 3041 3042
2545 1 3043 3044
2546 1 3045 3046
2547 1 3047 3048
2548 1 3049 3050
2549 1 3051 3052
2550 1 3053 3054
2551 1 3055 3056
2552 1 3057 3058
2553 1 3059 3060
2554 1 3061 3062
2555 1 3063 3064
2556 1 3065 3066
2557 1 3067 3068
2558 1 3069 3070
2559 1 3071 3072
2560 1 3073 3074
2561 1 3075 3076
2562 1 3077 3078
2563 1 3079 3080
2564 1 3081 3082
2565 1 3083 3084
2566 1 3085 3086
2567 1 3087 3088
2568 1 3089 3090
2569 1 3091 3092
2570 1 3093 3094
2571 1 3095 3096
2572 1 3097 3098
2573 1 3099 3100
2574 1 3101 3102
2575 1 3103 3104
2576 1 3105 3106
2577 1 3107 3108
2578 1 3109 3110
2579 1 3111 3112
2580 1 3113 3114
2581 1 3115 3116
2582 1 3117 3118
2583 1 3119 3120
2584 1 3121 3122
2585 1 3123 3124
2586 1 3125 3126
2587 1 3127 3128
2588 1 3129 3130
2589 1 3131 3132
2590 1 3133 3134
2591 1 3135 3136
2592 1 3137 3138
2593 1 3139 3140
2594 1 3141 3142
2595 1 3143 3144
2596 1 3145 3146
2597 1 3147 3148
2598 1 3149 3150
2599 1 3151 3152
2600 1 3153 3154
2601 1 3155 3156
2602 1 3157 3158
2603 1 3159 3160
2604 1 3161 3162
2605 1 3163 3164
2606 1 3165 3166
2607 1 3167 3168
2608 1 3169 3170
2609 1 3171 3172
2610 1 3173 3174
2611 1 3175 3176
2612 1 3177 3178
2613 1 3179 3180
2614 1 3181 3182
2615 1 3183 3184
2616 1 3185 3186
2617 1 3187 3188
2618 1 3189 3190
2619 1 3191 3192
2620 1 3193 3194
2621 1 3195 3196
2622 1 3197 3198
2623 1 3199 3200
2624 1 3201 3202
2625 1 3203 3204
2626 1 3205 3206
2627 1 3207 3208
2628 1 3209 3210
2629 1 3211 3212
2630 1 3213 3214
2631 1 3215 3216
2632 1 3217 3218
2633 1 3219 3220
2634 1 3221 3222
2635 1 3223 3224
2636 1 3225 3226
2637 1 3227 3228
2638 1 3229 3230
2639 1 3231 3232
2640 1 3233 3234
2641 1 3235 3236
2642 1 3237 3238
2643 1 3239 3240
2644 1 3241 3242
2645 1 3243 3244
2646 1 3245 3246
2647 1 3247 3248
2648 1 3249 3250
2649 1 3251 3252
2650 1 3253 3254
2651 1 3255 3256
2652 1 3257 3258
2653 1 3259 3260
2654 1 3261 3262
2655 1 3263 3264
2656 1 3265 3266
2657 1 3267 3268
2658 1 3269 3270
2659 1 3271 3272
2660 1 3273 3274
2661 1 3275 3276
2662 1 3277 3278
2663 1 3279 3280
2664 1 3281 3282
2665 1 3283 3284
2666 1 3285 3286
2667 1 3287 3288
2668 1 3289 3290
2669 1 3291 3292
2670 1 3293 3294
2671 1 3295 3296
2672 1 3297 3298
2673 1 3299 3300
2674 1 3301 3302
2675 1 3303 3304
2676 1 3305 3306
2677 1 3307 3308
2678 1 3309 3310
2679 1 3311 3312
2680 1 3313 3314
2681 1 3315 3316
2682 1 3317 3318
2683 1 3319 3320
2684 1 3321 3322
2685 1 3323 3324
2686 1 3325 3326
2687 1 3327 3328
2688 1 3329 3330
2689 1 3331 3332
2690 1 3333 3334
2691 1 3335 3336
2692 1 3337 3338
2693 1 3339 3340
2694 1 3341 3342
2695 1 3343 3344
2696 1 3345 3346
2697 1 3347 3348
2698 1 3349 3350
2699 1 3351 3352
2700 1 3353 3354
2701 1 3355 3356
2702 1 3357 3358
2703 1 3359 3360
2704 1 3361 3362
2705 1 3363 3364
2706 1 3365 3366
2707 1 3367 3368
2708 1 3369 3370
2709 1 3371 3372
2710 1 3373 3374
2711 1 3375 3376
2712 1 3377 3378
2713 1 3379 3380
2714 1 3381 3382
2715 1 3383 3384
2716 1 3385 3386
2717 1 3387 3388
2718 1 3389 3390
2719 1 3391 3392
2720 1 3393 3394
2721 1 3395 3396
2722 1 3397 3398
2723 1 3399 3400
2724 1 3401 3402
2725 1 3403 3404
2726 1 3405 3406
2727 1 3407 3408
2728 1 3409 3410
2729 1 3411 3412
2730 1 3413 3414
2731 1 3415 3416
2732 1 3417 3418
2733 1 3419 3420
2734 1 3421 3422
2735 1 3423 3424
2736 1 3425 3426
2737 1 3427 3428
2738 1 3429 3430
2739 1 3431 3432
2740 1 3433 3434
2741 1 3435 3436
2742 1 3437 3438
2743 1 3439 3440
2744 1 3441 3442
2745 1 3443 3444
2746 1 3445 3446
2747 1 3447 3448
2748 1 3449 3450
2749 1 3451 3452
2750 1 3453 3454
2751 1 3455 3456
2752 1 3457 3458
2753 1 3459 3460
2754 1 3461 3462
2755 1 3463 3464
2756 1 3465 3466
2757 1 3467 3468
2758 1 3469 3470
2759 1 3471 3472
2760 1 3473 3474
2761 1 3475 3476
2762 1 3477 3478
2763 1 3479 3480
2764 1 3481 3482
2765 1 3483 3484
2766 1 3485 3486
2767 1 3487 3488
2768 1 3489 3490
2769 1 3491 3492
2770 1 3493 3494
2771 1 3495 3496
2772 1 3497 3498
2773 1 3499 3500
2774 1 3501 3502
2775 1 3503 3504
2776 1 3505 3506
2777 1 3507 3508
2778 1 3509 3510
2779 1 3511 3512
2780 1 3513 3514
2781 1 3515 3516
2782 1 3517 3518
2783 1 3519 3520
2784 1 3521 3522
2785 1 3523 3524
2786 1 3525 3526
2787 1 3527 3528
2788 1 3529 3530
2789 1 3531 3532
2790 1 3533 3534
2791 1 3535 3536
2792 1 3537 3538
2793 1 3539 3540
2794 1 3541 3542
2795 1 3543 3544
2796 1 3545 3546
2797 1 3547 3548
2798 1 3549 3550
2799 1 3551 3552
2800 1 3553 3554
2801 1 3555 3556
2802 1 3557 3558
2803 1 3559 3560
2804 1 3561 3562
2805 1 3563 3564
2806 1 3565 3566
2807 1 3567 3568
2808 1 3569 3570
2809 1 3571 3572
2810 1 3573 3574
2811 1 3575 3576
2812 1 3577 3578
2813 1 3579 3580
2814 1 3581 3582
2815 1 3583 3584
2816 1 3585 3586
2817 1 3587 3588
2818 1 3589 3590
2819 1 3591 3592
2820 1 3593 3594
2821 1 3595 3596
2822 1 3597 3598
2823 1 3599 3600
2824 1 3601 3602
2825 1 3603 3604
2826 1 3605 3606
2827 1 3607 3608
2828 1 3609 3610
2829 1 3611 3612
2830 1 3613 3614
2831 1 3615 3616
2832 1 3617 3618
2833 1 3619 3620
2834 1 3621 3622
2835 1 3623 3624
2836 1 3625 3626
2837 1 3627 3628
2838 1 3629 3630
2839 1 3631 3632
2840 1 3633 3634
2841 1 3635 3636
2842 1 3637 3638
2843 1 3639 3640
2844 1 3641 3642
2845 1 3643 3644
2846 1 3645 3646
2847 1 3647 3648
2848 1 3649 3650
2849 1 3651 3652
2850 1 3653 3654
2851 1 3655 3656
2852 1 3657 3658
2853 1 3659 3660
2854 1 3661 3662
2855 1 3663 3664
2856 1 3665 3666
2857 1 3667 3668
2858 1 3669 3670
2859 1 3671 3672
2860 1 3673 3674
2861 1 3675 3676
2862 1 3677 3678
2863 1 3679 3680
2864 1 3681 3682
2865 1 3683 3684
2866 1 3685 3686
2867 1 3687 3688
2868 1 3689 3690
2869 1 3691 3692
2870 1 3693 3694
2871 1 3695 3696
2872 1 3697 3698
2873 1 3699 3700
2874 1 3701 3702
2875 1 3703 3704
2876 1 3705 3706
2877 1 3707 3708
2878 1 3709 3710
2879 1 3711 3712
2880 1 3713 3714
2881 1 3715 3716
2882 1 3717 3718
2883 1 3719 3720
2884 1 3721 3722
2885 1 3723 3724
2886 1 3725 3726
2887 1 3727 3728
2888 1 3729 3730
2889 1 3731 3732
2890 1 3733 3734
2891 1 3735 3736
2892 1 3737 3738
2893 1 3739 3740
2894 1 3741 3742
2895 1 3743 3744
2896 1 3745 3746
2897 1 3747 3748
2898 1 3749 3750
2899 1 3751 3752
2900 1 3753 3754
2901 1 3755 3756
2902 1 3757 3758
2903 1 3759 3760
2904 1 3761 3762
2905 1 3763 3764
2906 1 3765 3766
2907 1 3767 3768
2908 1 3769 3770
2909 1 3771 3772
2910 1 3773 3774
2911 1 3775 3776
2912 1 3777 3778
2913 1 3779 3780
2914 1 3781 3782
2915 1 3783 3784
2916 1 3785 3786
2917 1 3787 3788
2918 1 3789 3790
2919 1 3791 3792
2920 1 3793 3794
2921 1 3795 3796
2922 1 3797 3798
2923 1 3799 3800
2924 1 3801 3802
2925 1 3803 3804
2926 1 3805 3806
2927 1 3807 3808
2928 1 3809 3810
2929 1 3811 3812
2930 1 3813 3814
2931 1 3815 3816
2932 1 3817 3818
2933 1 3819 3820
2934 1 3821 3822
2935 1 3823 3824
2936 1 3825 3826
2937 1 3827 3828
2938 1 3829 3830
2939 1 3831 3832
2940 1 3833 3834
2941 1 3835 3836
2942 1 3837 3838
2943 1 3839 3840
2944 1 3841 3842
2945 1 3843 3844
2946 1 3845 3846
2947 1 3847 3848
2948 1 3849 3850
2949 1 3851 3852
2950 1 3853 3854
2951 1 3855 3856
2952 1 3857 3858
2953 1 3859 3860
2954 1 3861 3862
2955 1 3863 3864
2956 1 3865 3866
2957 1 3867 3868
2958 1 3869 3870
2959 1 3871 3872
2960 1 3873 3874
2961 1 3875 3876
2962 1 3877 3878
2963 1 3879 3880
2964 1 3881 3882
2965 1 3883 3884
2966 1 3885 3886
2967 1 3887 3888
2968 1 3889 3890
2969 1 3891 3892
2970 1 3893 3894
2971 1 3895 3896
2972 1 3897 3898
2973 1 3899 3900
2974 1 3901 3902
2975 1 3903 3904
2976 1 3905 3906
2977 1 3907 3908
2978 1 3909 3910
2979 1 3911 3912
2980 1 3913 3914
2981 1 3915 3916
2982 1 3917 3918
2983 1 3919 3920
2984 1 3921 3922
2985 1 3923 3924
2986 1 3925 3926
2987 1 3927 3928
2988 1 3929 3930
2989 1 3931 3932
2990 1 3933 3934
2991 1 3935 3936
2992 1 3937 3938
2993 1 3939 3940
2994 1 3941 3942
2995 1 3943 3944
2996 1 3945 3946
2997 1 3947 3948
2998 1 3949 3950
2999 1 3951 3952
3000 1 3953 3954
3001 1 3955 3956
3002 1 3957 3958
3003 1 3959 3960
3004 1 3961 3962
3005 1 3963 3964
3006 1 3965 3966
3007 1 3967 3968
3008 1 3969 3970
3009 1 3971 3972
3010 1 3973 3974
3011 1 3975 3976
3012 1 3977 3978
3013 1 3979 3980
3014 1 3981 3982
3015 1 3983 3984
3016 1 3985 3986
3017 1 3987 3988
3018 1 3989 3990
3019 1 3991 3992
3020 1 3993 3994
3021 1 3995 3996
3022 1 3997 3998
3023 1 3999 4000
3024 1 4001 4002
3025 1 4003 4004
3026 1 4005 4006
3027 1 4007 4008
3028 1 4009 4010
3029 1 4011 4012
3030 1 4013 4014
3031 1 4015 4016
3032 1 4017 4018
3033 1 4019 4020
3034 1 4021 4022
3035 1 4023 4024
3036 1 4025 4026
3037 1 4027 4028
3038 1 4029 4030
3039 1 4031 4032
3040 1 4033 4034
3041 1 4035 4036
3042 1 4037 4038
3043 1 4039 4040
3044 1 4041 4042
3045 1 4043 4044
3046 1 4045 4046
3047 1 4047 4048
3048 1 4049 4050
3049 1 4051 4052
3050 1 4053 4054
3051 1 4055 4056
3052 1 4057 4058
3053 1 4059 4060
3054 1 4061 4062
3055 1 4063 4064
3056 1 4065 4066
3057 1 4067 4068
3058 1 4069 4070
3059 1 4071 4072
3060 1 4073 4074
3061 1 4075 4076
3062 1 4077 4078
3063 1 4079 4080
3064 1 4081 4082
3065 1 4083 4084
3066 1 4085 4086
3067 1 4087 4088
3068 1 4089 4090
3069 1 4091 4092
3070 1 4093 4094
3071 1 2047 1024
3072 1 2049 1026
3073 1 2051 1028
3074 1 2053 1030
3075 1 2055 1032
3076 1 2057 1034
3077 1 2059 1036
3078 1 2061 1038
3079 1 2063 1040
3080 1 2065 1042
3081 1 2067 1044
3082 1 2069 1046
3083 1 2071 1048
3084 1 2073 1050
3085 1 2075 1052
3086 1 2077 1054
3087 1 2079 1056
3088 1 2081 1058
3089 1 2083 1060
3090 1 2085 1062
3091 1 2087 1064
3092 1 2089 1066
3093 1 2091 1068
3094 1 2093 1070
3095 1 2095 1072
3096 1 2097 1074
3097 1 2099 1076
3098 1 2101 1078
3099 1 2103 1080
3100 1 2105 1082
3101 1 2107 1084
3102 1 2109 1086
3103 1 2111 1088
3104 1 2113 1090
3105 1 2115 1092
3106 1 2117 1094
3107 1 2119 1096
3108 1 2121 1098
3109 1 2123 1100
3110 1 2125 1102
3111 1 2127 1104
3112 1 2129 1106
3113 1 2131 1108
3114 1 2133 1110
3115 1 2135 1112
3116 1 2137 1114
3117 1 2139 1116
3118 1 2141 1118
3119 1 2143 1120
3120 1 2145 1122
3121 1 2147 1124
3122 1 2149 1126
3123 1 2151 1128
3124 1 2153 1130
3125 1 2155 1132
3126 1 2157 1134
3127 1 2159 1136
3128 1 2161 1138
3129 1 2163 1140
3130 1 2165 1142
3131 1 2167 1144
3132 1 2169 1146
3133 1 2171 1148
3134 1 2173 1150
3135 1 2175 1152
3136 1 2177 1154
3137 1 2179 1156
3138 1 2181 1158
3139 1 2183 1160
3140 1 2185 1162
3141 1 2187 1164
3142 1 2189 1166
3143 1 2191 1168
3144 1 2193 1170
3145 1 2195 1172
3146 1 2197 1174
3147 1 2199 1176
3148 1 2201 1178
3149 1 2203 1180
3150 1 2205 1182
3151 1 2207 1184
3152 1 2209 1186
3153 1 2211 1188
3154 1 2213 1190
3155 1 2215 1192
3156 1 2217 1194
3157 1 2219 1196
3158 1 2221 1198
3159 1 2223 1200
3160 1 2225 1202
3161 1 2227 1204
3162 1 2229 1206
3163 1 2231 1208
3164 1 2233 1210
3165 1 2235 1212
3166 1 2237 1214
3167 1 2239 1216
3168 1 2241 1218
3169 1 2243 1220
3170 1 2245 1222
3171 1 2247 1224
3172 1 2249 1226
3173 1 2251 1228
3174 1 2253 1230
3175 1 2255 1232
3176 1 2257 1234
3177 1 2259 1236
3178 1 2261 1238
3179 1 2263 1240
3180 1 2265 1242
3181 1 2267 1244
3182 1 2269 1246
3183 1 2271 1248
3184 1 2273 1250
3185 1 2275 1252
3186 1 2277 1254
3187 1 2279 1256
3188 1 2281 1258
3189 1 2283 1260
3190 1 2285 1262
3191 1 2287 1264
3192 1 2289 1266
3193 1 2291 1268
3194 1 2293 1270
3195 1 2295 1272
3196 1 2297 1274
3197 1 2299 1276
3198 1 2301 1278
3199 1 2303 1280
3200 1 2305 1282
3201 1 2307 1284
3202 1 2309 1286
3203 1 2311 1288
3204 1 2313 1290
3205 1 2315 1292
3206 1 2317 1294
3207 1 2319 1296
3208 1 2321 1298
3209 1 2323 1300
3210 1 2325 1302
3211 1 2327 1304
3212 1 2329 1306
3213 1 2331 1308
3214 1 2333 1310
3215 1 2335 1312
3216 1 2337 1314
3217 1 2339 1316
3218 1 2341 1318
3219 1 2343 1320
3220 1 2345 1322
3221 1 2347 1324
3222 1 2349 1326
3223 1 2351 1328
3224 1 2353 1330
3225 1 2355 1332
3226 1 2357 1334
3227 1 2359 1336
3228 1 2361 1338
3229 1 2363 1340
3230 1 2365 1342
3231 1 2367 1344
3232 1 2369 1346
3233 1 2371 1348
3234 1 2373 1350
3235 1 2375 1352
3236 1 2377 1354
3237 1 2379 1356
3238 1 2381 1358
3239 1 2383 1360
3240 1 2385 1362
3241 1 2387 1364
3242 1 2389 1366
3243 1 2391 1368
3244 1 2393 1370
3245 1 2395 1372
3246 1 2397 1374
3247 1 2399 1376
3248 1 2401 1378
3249 1 2403 1380
3250 1 2405 1382
3251 1 2407 1384
3252 1 2409 1386
3253 1 2411 1388
3254 1 2413 1390
3255 1 2415 1392
3256 1 2417 1394
3257 1 2419 1396
3258 1 2421 1398
3259 1 2423 1400
3260 1 2425 1402
3261 1 2427 1404
3262 1 2429 1406
3263 1 2431 1408
3264 1 2433 1410
3265 1 2435 1412
3266 1 2437 1414
3267 1 2439 1416
3268 1 2441 1418
3269 1 2443 1420
3270 1 2445 1422
3271 1 2447 1424
3272 1 2449 1426
3273 1 2451 1428
3274 1 2453 1430
3275 1 2455 1432
3276 1 2457 1434
3277 1 2459 1436
3278 1 2461 1438
3279 1 2463 1440
3280 1 2465 1442
3281 1 2467 1444
3282 1 2469 1446
3283 1 2471 1448
3284 1 2473 1450
3285 1 2475 1452
3286 1 2477 1454
3287 1 2479 1456
3288 1 2481 1458
3289 1 2483 1460
3290 1 2485 1462
3291 1 2487 1464
3292 1 2489 1466
3293 1 2491 1468
3294 1 2493 1470
3295 1 2495 1472
3296 1 2497 1474
3297 1 2499 1476
3298 1 2501 1478
3299 1 2503 1480
3300 1 2505 1482
3301 1 2507 1484
3302 1 2509 1486
3303 1 2511 1488
3304 1 2513 1490
3305 1 2515 1492
3306 1 2517 1494
3307 1 2519 1496
3308 1 2521 1498
3309 1 2523 1500
3310 1 2525 1502
3311 1 2527 1504
3312 1 2529 1506
3313 1 2531 1508
3314 1 2533 1510
3315 1 2535 1512
3316 1 2537 1514
3317 1 2539 1516
3318 1 2541 1518
3319 1 2543 1520
3320 1 2545 1522
3321 1 2547 1524
3322 1 2549 1526
3323 1 2551 1528
3324 1 2553 1530
3325 1 2555 1532
3326 1 2557 1534
3327 1 2559 1536
3328 1 2561 1538
3329 1 2563 1540
3330 1 2565 1542
3331 1 2567 1544
3332 1 2569 1546
3333 1 2571 1548
3334 1 2573 1550
3335 1 2575 1552
3336 1 2577 1554
3337 1 2579 1556
3338 1 2581 1558
3339 1 2583 1560
3340 1 2585 1562
3341 1 2587 1564
3342 1 2589 1566
3343 1 2591 1568
3344 1 2593 1570
3345 1 2595 1572
3346 1 2597 1574
3347 1 2599 1576
3348 1 2601 1578
3349 1 2603 1580
3350 1 2605 1582
3351 1 2607 1584
3352 1 2609 1586
3353 1 2611 1588
3354 1 2613 1590
3355 1 2615 1592
3356 1 2617 1594
3357 1 2619 1596
3358 1 2621 1598
3359 1 2623 1600
3360 1 2625 1602
3361 1 2627 1604
3362 1 2629 1606
3363 1 2631 1608
3364 1 2633 1610
3365 1 2635 1612
3366 1 2637 1614
3367 1 2639 1616
3368 1 2641 1618
3369 1 2643 1620
3370 1 2645 1622
3371 1 2647 1624
3372 1 2649 1626
3373 1 2651 1628
3374 1 2653 1630
3375 1 2655 1632
3376 1 2657 1634
3377 1 2659 1636
3378 1 2661 1638
3379 1 2663 1640
3380 1 2665 1642
3381 1 2667 1644
3382 1 2669 1646
3383 1 2671 1648
3384 1 2673 1650
3385 1 2675 1652
3386 1 2677 1654
3387 1 2679 1656
3388 1 2681 1658
3389 1 2683 1660
3390 1 2685 1662
3391 1 2687 1664
3392 1 2689 1666
3393 1 2691 1668
3394 1 2693 1670
3395 1 2695 1672
3396 1 2697 1674
3397 1 2699 1676
3398 1 2701 1678
3399 1 2703 1680
3400 1 2705 1682
3401 1 2707 1684
3402 1 2709 1686
3403 1 2711 1688
3404 1 2713 1690
3405 1 2715 1692
3406 1 2717 1694
3407 1 2719 1696
3408 1 2721 1698
3409 1 2723 1700
3410 1 2725 1702
3411 1 2727 1704
3412 1 2729 1706
3413 1 2731 1708
3414 1 2733 1710
3415 1 2735 1712
3416 1 2737 1714
3417 1 2739 1716
3418 1 2741 1718
3419 1 2743 1720
3420 1 2745 1722
3421 1 2747 1724
3422 1 2749 1726
3423 1 2751 1728
3424 1 2753 1730
3425 1 2755 1732
3426 1 2757 1734
3427 1 2759 1736
3428 1 2761 1738
3429 1 2763 1740
3430 1 2765 1742
3431 1 2767 1744
3432 1 2769 1746
3433 1 2771 1748
3434 1 2773 1750
3435 1 2775 1752
3436 1 2777 1754
3437 1 2779 1756
3438 1 2781 1758
3439 1 2783 1760
3440 1 2785 1762
3441 1 2787 1764
3442 1 2789 1766
3443 1 2791 1768
3444 1 2793 1770
3445 1 2795 1772
3446 1 2797 1774
3447 1 2799 1776
3448 1 2801 1778
3449 1 2803 1780
3450 1 2805 1782
3451 1 2807 1784
3452 1 2809 1786
3453 1 2811 1788
3454 1 2813 1790
3455 1 2815 1792
3456 1 2817 1794
3457 1 2819 1796
3458 1 2821 1798
3459 1 2823 1800
3460 1 2825 1802
3461 1 2827 1804
3462 1 2829 1806
3463 1 2831 1808
3464 1 2833 1810
3465 1 2835 1812
3466 1 2837 1814
3467 1 2839 1816
3468 1 2841 1818
3469 1 2843 1820
3470 1 2845 1822
3471 1 2847 1824
3472 1 2849 1826
3473 1 2851 1828
3474 1 2853 1830
3475 1 2855 1832
3476 1 2857 1834
3477 1 2859 1836
3478 1 2861 1838
3479 1 2863 1840
3480 1 2865 1842
3481 1 2867 1844
3482 1 2869 1846
3483 1 2871 1848
3484 1 2873 1850
3485 1 2875 1852
3486 1 2877 1854
3487 1 2879 1856
3488 1 2881 1858
3489 1 2883 1860
3490 1 2885 1862
3491 1 2887 1864
3492 1 2889 1866
3493 1 2891 1868
3494 1 2893 1870
3495 1 2895 1872
3496 1 2897 1874
3497 1 2899 1876
3498 1 2901 1878
3499 1 2903 1880
3500 1 2905 1882
3501 1 2907 1884
3502 1 2909 1886
3503 1 2911 1888
3504 1 2913 1890
3505 1 2915 1892
3506 1 2917 1894
3507 1 2919 1896
3508 1 2921 1898
3509 1 2923 1900
3510 1 2925 1902
3511 1 2927 1904
3512 1 2929 1906
3513 1 2931 1908
3514 1 2933 1910
3515 1 2935 1912
3516 1 2937 1914
3517 1 2939 1916
3518 1 2941 1918
3519 1 2943 1920
3520 1 2945 1922
3521 1 2947 1924
3522 1 2949 1926
3523 1 2951 1928
3524 1 2953 1930
3525 1 2955 1932
3526 1 2957 1934
3527 1 2959 1936
3528 1 2961 1938
3529 1 2963 1940
3530 1 2965 1942
3531 1 2967 1944
3532 1 2969 1946
3533 1 2971 1948
3534 1 2973 1950
3535 1 2975 1952
3536 1 2977 1954
3537 1 2979 1956
3538 1 2981 1958
3539 1 2983 1960
3540 1 2985 1962
3541 1 2987 1964
3542 1 2989 1966
3543 1 2991 1968
3544 1 2993 1970
3545 1 2995 1972
3546 1 2997 1974
3547 1 2999 1976
3548 1 3001 1978
3549 1 3003 1980
3550 1 3005 1982
3551 1 3007 1984
3552 1 3009 1986
3553 1 3011 1988
3554 1 3013 1990
3555 1 3015 1992
3556 1 3017 1994
3557 1 3019 1996
3558 1 3021 1998
3559 1 3023 2000
3560 1 3025 2002
3561 1 3027 2004
3562 1 3029 2006
3563 1 3031 2008
3564 1 3033 2010
3565 1 3035 2012
3566 1 3037 2014
3567 1 3039 2016
3568 1 3041 2018
3569 1 3043 2020
3570 1 3045 2022
3571 1 3047 2024
3572 1 3049 2026
3573 1 3051 2028
3574 1 3053 2030
3575 1 3055 2032
3576 1 3057 2034
3577 1 3059 2036
3578 1 3061 2038
3579 1 3063 2040
3580 1 3065 2042
3581 1 3067 2044
3582 1 3069 2046
3583 1 3071 512
3584 1 3073 514
3585 1 3075 516
3586 1 3077 518
3587 1 3079 520
3588 1 3081 522
3589 1 3083 524
3590 1 3085 526
3591 1 3087 528
3592 1 3089 530
3593 1 3091 532
3594 1 3093 534
3595 1 3095 536
3596 1 3097 538
3597 1 3099 540
3598 1 3101 542
3599 1 3103 544
3600 1 3105 546
3601 1 3107 548
3602 1 3109 550
3603 1 3111 552
3604 1 3113 554
3605 1 3115 556
3606 1 3117 558
3607 1 3119 560
3608 1 3121 562
3609 1 3123 564
3610 1 3125 566
3611 1 3127 568
3612 1 3129 570
3613 1 3131 572
3614 1 3133 574
3615 1 3135 576
3616 1 3137 578
3617 1 3139 580
3618 1 3141 582
3619 1 3143 584
3620 1 3145 586
3621 1 3147 588
3622 1 3149 590
3623 1 3151 592
3624 1 3153 594
3625 1 3155 596
3626 1 3157 598
3627 1 3159 600
3628 1 3161 602
3629 1 3163 604
3630 1 3165 606
3631 1 3167 608
3632 1 3169 610
3633 1 3171 612
3634 1 3173 614
3635 1 3175 616
3636 1 3177 618
3637 1 3179 620
3638 1 3181 622
3639 1 3183 624
3640 1 3185 626
3641 1 3187 628
3642 1 3189 630
3643 1 3191 632
3644 1 3193 634
3645 1 3195 636
3646 1 3197 638
3647 1 3199 640
3648 1 3201 642
3649 1 3203 644
3650 1 3205 646
3651 1 3207 648
3652 1 3209 650
3653 1 3211 652
3654 1 3213 654
3655 1 3215 656
3656 1 3217 658
3657 1 3219 660
3658 1 3221 662
3659 1 3223 664
3660 1 3225 666
3661 1 3227 668
3662 1 3229 670
3663 1 3231 672
3664 1 3233 674
3665 1 3235 676
3666 1 3237 678
3667 1 3239 680
3668 1 3241 682
3669 1 3243 684
3670 1 3245 686
3671 1 3247 688
3672 1 3249 690
3673 1 3251 692
3674 1 3253 694
3675 1 3255 696
3676 1 3257 698
3677 1 3259 700
3678 1 3261 702
3679 1 3263 704
3680 1 3265 706
3681 1 3267 708
3682 1 3269 710
3683 1 3271 712
3684 1 3273 714
3685 1 3275 716
3686 1 3277 718
3687 1 3279 720
3688 1 3281 722
3689 1 3283 724
3690 1 3285 726
3691 1 3287 728
3692 1 3289 730
3693 1 3291 732
3694 1 3293 734
3695 1 3295 736
3696 1 3297 738
3697 1 3299 740
3698 1 3301 742
3699 1 3303 744
3700 1 3305 746
3701 1 3307 748
3702 1 3309 750
3703 1 3311 752
3704 1 3313 754
3705 1 3315 756
3706 1 3317 758
3707 1 3319 760
3708 1 3321 762
3709 1 3323 764
3710 1 3325 766
3711 1 3327 768
3712 1 3329 770
3713 1 3331 772
3714 1 3333 774
3715 1 3335 776
3716 1 3337 778
3717 1 3339 780
3718 1 3341 782
3719 1 3343 784
3720 1 3345 786
3721 1 3347 788
3722 1 3349 790
3723 1 3351 792
3724 1 3353 794
3725 1 3355 796
3726 1 3357 798
3727 1 3359 800
3728 1 3361 802
3729 1 3363 804
3730 1 3365 806
3731 1 3367 808
3732 1 3369 810
3733 1 3371 812
3734 1 3373 814
3735 1 3375 816
3736 1 3377 818
3737 1 3379 820
3738 1 3381 822
3739 1 3383 824
3740 1 3385 826
3741 1 3387 828
3742 1 3389 830
3743 1 3391 832
3744 1 3393 834
3745 1 3395 836
3746 1 3397 838
3747 1 3399 840
3748 1 3401 842
3749 1 3403 844
3750 1 3405 846
3751 1 3407 848
3752 1 3409 850
3753 1 3411 852
3754 1 3413 854
3755 1 3415 856
3756 1 3417 858
3757 1 3419 860
3758 1 3421 862
3759 1 3423 864
3760 1 3425 866
3761 1 3427 868
3762 1 3429 870
3763 1 3431 872
3764 1 3433 874
3765 1 3435 876
3766 1 3437 878
3767 1 3439 880
3768 1 3441 882
3769 1 3443 884
3770 1 3445 886
3771 1 3447 888
3772 1 3449 890
3773 1 3451 892
3774 1 3453 894
3775 1 3455 896
3776 1 3457 898
3777 1 3459 900
3778 1 3461 902
3779 1 3463 904
3780 1 3465 906
3781 1 3467 908
3782 1 3469 910
3783 1 3471 912
3784 1 3473 914
3785 1 3475 916
3786 1 3477 918
3787 1 3479 920
3788 1 3481 922
3789 1 3483 924
3790 1 3485 926
3791 1 3487 928
3792 1 3489 930
3793 1 3491 932
3794 1 3493 934
3795 1 3495 936
3796 1 3497 938
3797 1 3499 940
3798 1 3501 942
3799 1 3503 944
3800 1 3505 946
3801 1 3507 948
3802 1 3509 950
3803 1 3511 952
3804 1 3513 954
3805 1 3515 956
3806 1 3517 958
3807 1 3519 960
3808 1 3521 962
3809 1 3523 964
3810 1 3525 966
3811 1 3527 968
3812 1 3529 970
3813 1 3531 972
3814 1 3533 974
3815 1 3535 976
3816 1 3537 978
3817 1 3539 980
3818 1 3541 982
3819 1 3543 984
3820 1 3545 986
3821 1 3547 988
3822 1 3549 990
3823 1 3551 992
3824 1 3553 994
3825 1 3555 996
3826 1 3557 998
3827 1 3559 1000
3828 1 3561 1002
3829 1 3563 1004
3830 1 3565 1006
3831 1 3567 1008
3832 1 3569 1010
3833 1 3571 1012
3834 1 3573 1014
3835 1 3575 1016
3836 1 3577 1018
3837 1 3579 1020
3838 1 3581 1022
3839 1 3583 256
3840 1 3585 258
3841 1 3587 260
3842 1 3589 262
3843 1 3591 264
3844 1 3593 266
3845 1 3595 268
3846 1 3597 270
3847 1 3599 272
3848 1 3601 274
3849 1 3603 276
3850 1 3605 278
3851 1 3607 280
3852 1 3609 282
3853 1 3611 284
3854 1 3613 286
3855 1 3615 288
3856 1 3617 290
3857 1 3619 292
3858 1 3621 294
3859 1 3623 296
3860 1 3625 298
3861 1 3627 300
3862 1 3629 302
3863 1 3631 304
3864 1 3633 306
3865 1 3635 308
3866 1 3637 310
3867 1 3639 312
3868 1 3641 314
3869 1 3643 316
3870 1 3645 318
3871 1 3647 320
3872 1 3649 322
3873 1 3651 324
3874 1 3653 326
3875 1 3655 328
3876 1 3657 330
3877 1 3659 332
3878 1 3661 334
3879 1 3663 336
3880 1 3665 338
3881 1 3667 340
3882 1 3669 342
3883 1 3671 344
3884 1 3673 346
3885 1 3675 348
3886 1 3677 350
3887 1 3679 352
3888 1 3681 354
3889 1 3683 356
3890 1 3685 358
3891 1 3687 360
3892 1 3689 362
3893 1 3691 364
3894 1 3693 366
3895 1 3695 368
3896 1 3697 370
3897 1 3699 372
3898 1 3701 374
3899 1 3703 376
3900 1 3705 378
3901 1 3707 380
3902 1 3709 382
3903 1 3711 384
3904 1 3713 386
3905 1 3715 388
3906 1 3717 390
3907 1 3719 392
3908 1 3721 394
3909 1 3723 396
3910 1 3725 398
3911 1 3727 400
3912 1 3729 402
3913 1 3731 404
3914 1 3733 406
3915 1 3735 408
3916 1 3737 410
3917 1 3739 412
3918 1 3741 414
3919 1 3743 416
3920 1 3745 418
3921 1 3747 420
3922 1 3749 422
3923 1 3751 424
3924 1 3753 426
3925 1 3755 428
3926 1 3757 430
3927 1 3759 432
3928 1 3761 434
3929 1 3763 436
3930 1 3765 438
3931 1 3767 440
3932 1 3769 442
3933 1 3771 444
3934 1 3773 446
3935 1 3775 448
3936 1 3777 450
3937 1 3779 452
3938 1 3781 454
3939 1 3783 456
3940 1 3785 458
3941 1 3787 460
3942 1 3789 462
3943 1 3791 464
3944 1 3793 466
3945 1 3795 468
3946 1 3797 470
3947 1 3799 472
3948 1 3801 474
3949 1 3803 476
3950 1 3805 478
3951 1 3807 480
3952 1 3809 482
3953 1 3811 484
3954 1 3813 486
3955 1 3815 488
3956 1 3817 490
3957 1 3819 492
3958 1 3821 494
3959 1 3823 496
3960 1 3825 498
3961 1 3827 500
3962 1 3829 502
3963 1 3831 504
3964 1 3833 506
3965 1 3835 508
3966 1 3837 510
3967 1 3839 128
3968 1 3841 130
3969 1 3843 132
3970 1 3845 134
3971 1 3847 136
3972 1 3849 138
3973 1 3851 140
3974 1 3853 142
3975 1 3855 144
3976 1 3857 146
3977 1 3859 148
3978 1 3861 150
3979 1 3863 152
3980 1 3865 154
3981 1 3867 156
3982 1 3869 158
3983 1 3871 160
3984 1 3873 162
3985 1 3875 164
3986 1 3877 166
3987 1 3879 168
3988 1 3881 170
3989 1 3883 172
3990 1 3885 174
3991 1 3887 176
3992 1 3889 178
3993 1 3891 180
3994 1 3893 182
3995 1 3895 184
3996 1 3897 186
3997 1 3899 188
3998 1 3901 190
3999 1 3903 192
4000 1 3905 194
4001 1 3907 196
4002 1 3909 198
4003 1 3911 200
4004 1 3913 202
4005 1 3915 204
4006 1 3917 206
4007 1 3919 208
4008 1 3921 210
4009 1 3923 212
4010 1 3925 214
4011 1 3927 216
4012 1 3929 218
4013 1 3931 220
4014 1 3933 222
4015 1 3935 224
4016 1 3937 226
4017 1 3939 228
4018 1 3941 230
4019 1 3943 232
4020 1 3945 234
4021 1 3947 236
4022 1 3949 238
4023 1 3951 240
4024 1 3953 242
4025 1 3955 244
4026 1 3957 246
4027 1 3959 248
4028 1 3961 250
4029 1 3963 252
4030 1 3965 254
4031 1 3967 64
4032 1 3969 66
4033 1 3971 68
4034 1 3973 70
4035 1 3975 72
4036 1 3977 74
4037 1 3979 76
4038 1 3981 78
4039 1 3983 80
4040 1 3985 82
4041 1 3987 84
4042 1 3989 86
4043 1 3991 88
4044 1 3993 90
4045 1 3995 92
4046 1 3997 94
4047 1 3999 96
4048 1 4001 98
4049 1 4003 100
4050 1 4005 102
4051 1 4007 104
4052 1 4009 106
4053 1 4011 108
4054 1 4013 110
4055 1 4015 112
4056 1 4017 114
4057 1 4019 116
4058 1 4021 118
4059 1 4023 120
4060 1 4025 122
4061 1 4027 124
4062 1 4029 126
4063 1 4031 32
4064 1 4033 34
4065 1 4035 36
4066 1 4037 38
4067 1 4039 40
4068 1 4041 42
4069 1 4043 44
4070 1 4045 46
4071 1 4047 48
4072 1 4049 50
4073 1 4051 52
4074 1 4053 54
4075 1 4055 56
4076 1 4057 58
4077 1 4059 60
4078 1 4061 62
4079 1 4063 16
4080 1 4065 18
4081 1 4067 20
4082 1 4069 22
4083 1 4071 24
4084 1 4073 26
4085 1 4075 28
4086 1 4077 30
4087 1 4079 8
4088 1 4081 10
4089 1 4083 12
4090 1 4085 14
4091 1 4087 4
4092 1 4089 6
4093 1 4091 2
4094 1 4093 4095
4095 0 4095 4095
